[12:03:54][INFO ](ContextLoader.java:273)-Root WebApplicationContext: initialization started
[12:03:54][DEBUG](AbstractEnvironment.java:114)-Initializing new StandardServletEnvironment
[12:03:54][DEBUG](MutablePropertySources.java:103)-Adding [servletConfigInitParams] PropertySource with lowest search precedence
[12:03:54][DEBUG](MutablePropertySources.java:103)-Adding [servletContextInitParams] PropertySource with lowest search precedence
[12:03:54][DEBUG](MutablePropertySources.java:103)-Adding [jndiProperties] PropertySource with lowest search precedence
[12:03:54][DEBUG](MutablePropertySources.java:103)-Adding [systemProperties] PropertySource with lowest search precedence
[12:03:54][DEBUG](MutablePropertySources.java:103)-Adding [systemEnvironment] PropertySource with lowest search precedence
[12:03:54][DEBUG](AbstractEnvironment.java:120)-Initialized StandardServletEnvironment with PropertySources [servletConfigInitParams,servletContextInitParams,jndiProperties,systemProperties,systemEnvironment]
[12:03:54][INFO ](AbstractApplicationContext.java:495)-Refreshing Root WebApplicationContext: startup date [Tue Mar 14 12:03:54 KST 2023]; root of context hierarchy
[12:03:54][DEBUG](MutablePropertySources.java:163)-Replacing [servletContextInitParams] PropertySource with [servletContextInitParams]
[12:03:54][DEBUG](AbstractEnvironment.java:114)-Initializing new StandardEnvironment
[12:03:54][DEBUG](MutablePropertySources.java:103)-Adding [systemProperties] PropertySource with lowest search precedence
[12:03:54][DEBUG](MutablePropertySources.java:103)-Adding [systemEnvironment] PropertySource with lowest search precedence
[12:03:54][DEBUG](AbstractEnvironment.java:120)-Initialized StandardEnvironment with PropertySources [systemProperties,systemEnvironment]
[12:03:54][DEBUG](AbstractEnvironment.java:114)-Initializing new StandardEnvironment
[12:03:54][DEBUG](MutablePropertySources.java:103)-Adding [systemProperties] PropertySource with lowest search precedence
[12:03:54][DEBUG](MutablePropertySources.java:103)-Adding [systemEnvironment] PropertySource with lowest search precedence
[12:03:54][DEBUG](AbstractEnvironment.java:120)-Initialized StandardEnvironment with PropertySources [systemProperties,systemEnvironment]
//[/WEB-INF/spring/root-context.xm]에서 root-context.xm 파일 읽음
[12:03:54][INFO ](XmlBeanDefinitionReader.java:315)-Loading XML bean definitions from ServletContext resource [/WEB-INF/spring/root-context.xml]
[12:03:54][DEBUG](DefaultDocumentLoader.java:72)-Using JAXP provider [com.sun.org.apache.xerces.internal.jaxp.DocumentBuilderFactoryImpl]
[12:03:54][TRACE](PluggableSchemaResolver.java:105)-Trying to resolve XML entity with public id [null] and system id [https://www.springframework.org/schema/beans/spring-beans.xsd]
[12:03:54][DEBUG](PluggableSchemaResolver.java:140)-Loading schema mappings from [META-INF/spring.schemas]
[12:03:54][DEBUG](PluggableSchemaResolver.java:146)-Loaded schema mappings: {http://www.springframework.org/schema/context/spring-context-2.5.xsd=org/springframework/context/config/spring-context-2.5.xsd, http://www.springframework.org/schema/beans/spring-beans-2.0.xsd=org/springframework/beans/factory/xml/spring-beans-2.0.xsd, http://www.springframework.org/schema/tool/spring-tool-3.1.xsd=org/springframework/beans/factory/xml/spring-tool-3.1.xsd, http://www.springframework.org/schema/aop/spring-aop-2.0.xsd=org/springframework/aop/config/spring-aop-2.0.xsd, http://www.springframework.org/schema/jee/spring-jee-2.0.xsd=org/springframework/ejb/config/spring-jee-2.0.xsd, http://www.springframework.org/schema/util/spring-util-2.0.xsd=org/springframework/beans/factory/xml/spring-util-2.0.xsd, http://www.springframework.org/schema/util/spring-util.xsd=org/springframework/beans/factory/xml/spring-util-3.1.xsd, http://www.springframework.org/schema/tool/spring-tool-2.0.xsd=org/springframework/beans/factory/xml/spring-tool-2.0.xsd, http://www.springframework.org/schema/context/spring-context-3.1.xsd=org/springframework/context/config/spring-context-3.1.xsd, http://www.springframework.org/schema/util/spring-util-3.0.xsd=org/springframework/beans/factory/xml/spring-util-3.0.xsd, http://www.springframework.org/schema/mvc/spring-mvc.xsd=org/springframework/web/servlet/config/spring-mvc-3.1.xsd, http://www.springframework.org/schema/tool/spring-tool.xsd=org/springframework/beans/factory/xml/spring-tool-3.1.xsd, http://www.springframework.org/schema/lang/spring-lang-2.5.xsd=org/springframework/scripting/config/spring-lang-2.5.xsd, http://www.springframework.org/schema/jee/spring-jee.xsd=org/springframework/ejb/config/spring-jee-3.1.xsd, http://www.springframework.org/schema/util/spring-util-3.1.xsd=org/springframework/beans/factory/xml/spring-util-3.1.xsd, http://www.springframework.org/schema/jee/spring-jee-2.5.xsd=org/springframework/ejb/config/spring-jee-2.5.xsd, http://www.springframework.org/schema/aop/spring-aop-2.5.xsd=org/springframework/aop/config/spring-aop-2.5.xsd, http://www.springframework.org/schema/beans/spring-beans-2.5.xsd=org/springframework/beans/factory/xml/spring-beans-2.5.xsd, http://www.springframework.org/schema/context/spring-context.xsd=org/springframework/context/config/spring-context-3.1.xsd, http://www.springframework.org/schema/cache/spring-cache-3.1.xsd=org/springframework/cache/config/spring-cache-3.1.xsd, http://www.springframework.org/schema/tool/spring-tool-2.5.xsd=org/springframework/beans/factory/xml/spring-tool-2.5.xsd, http://www.springframework.org/schema/beans/spring-beans-3.0.xsd=org/springframework/beans/factory/xml/spring-beans-3.0.xsd, http://www.springframework.org/schema/beans/spring-beans.xsd=org/springframework/beans/factory/xml/spring-beans-3.1.xsd, http://www.springframework.org/schema/mvc/spring-mvc-3.1.xsd=org/springframework/web/servlet/config/spring-mvc-3.1.xsd, http://www.springframework.org/schema/aop/spring-aop-3.1.xsd=org/springframework/aop/config/spring-aop-3.1.xsd, http://www.springframework.org/schema/jee/spring-jee-3.0.xsd=org/springframework/ejb/config/spring-jee-3.0.xsd, http://www.springframework.org/schema/aop/spring-aop-3.0.xsd=org/springframework/aop/config/spring-aop-3.0.xsd, http://www.springframework.org/schema/jee/spring-jee-3.1.xsd=org/springframework/ejb/config/spring-jee-3.1.xsd, http://www.springframework.org/schema/lang/spring-lang-3.0.xsd=org/springframework/scripting/config/spring-lang-3.0.xsd, http://www.springframework.org/schema/mvc/spring-mvc-3.0.xsd=org/springframework/web/servlet/config/spring-mvc-3.0.xsd, http://www.springframework.org/schema/beans/spring-beans-3.1.xsd=org/springframework/beans/factory/xml/spring-beans-3.1.xsd, http://www.springframework.org/schema/lang/spring-lang-2.0.xsd=org/springframework/scripting/config/spring-lang-2.0.xsd, http://www.springframework.org/schema/task/spring-task-3.1.xsd=org/springframework/scheduling/config/spring-task-3.1.xsd, http://www.springframework.org/schema/lang/spring-lang.xsd=org/springframework/scripting/config/spring-lang-3.1.xsd, http://www.springframework.org/schema/tool/spring-tool-3.0.xsd=org/springframework/beans/factory/xml/spring-tool-3.0.xsd, http://www.springframework.org/schema/util/spring-util-2.5.xsd=org/springframework/beans/factory/xml/spring-util-2.5.xsd, http://www.springframework.org/schema/lang/spring-lang-3.1.xsd=org/springframework/scripting/config/spring-lang-3.1.xsd, http://www.springframework.org/schema/task/spring-task-3.0.xsd=org/springframework/scheduling/config/spring-task-3.0.xsd, http://www.springframework.org/schema/task/spring-task.xsd=org/springframework/scheduling/config/spring-task-3.1.xsd, http://www.springframework.org/schema/context/spring-context-3.0.xsd=org/springframework/context/config/spring-context-3.0.xsd, http://www.springframework.org/schema/cache/spring-cache.xsd=org/springframework/cache/config/spring-cache-3.1.xsd, http://www.springframework.org/schema/aop/spring-aop.xsd=org/springframework/aop/config/spring-aop-3.1.xsd}
[12:03:55][DEBUG](DefaultBeanDefinitionDocumentReader.java:108)-Loading bean definitions
//객체 없음
[12:03:55][DEBUG](AbstractBeanDefinitionReader.java:216)-Loaded 0 bean definitions from location pattern [/WEB-INF/spring/root-context.xml]
[12:03:55][DEBUG](AbstractApplicationContext.java:525)-Bean factory for Root WebApplicationContext: org.springframework.beans.factory.support.DefaultListableBeanFactory@7a0ab480: defining beans []; root of factory hierarchy
[12:03:55][DEBUG](AbstractApplicationContext.java:794)-Unable to locate MessageSource with name 'messageSource': using default [org.springframework.context.support.DelegatingMessageSource@44dfdd58]
[12:03:55][DEBUG](AbstractApplicationContext.java:818)-Unable to locate ApplicationEventMulticaster with name 'applicationEventMulticaster': using default [org.springframework.context.event.SimpleApplicationEventMulticaster@29bbc63c]
[12:03:55][DEBUG](UiApplicationContextUtils.java:85)-Unable to locate ThemeSource with name 'themeSource': using default [org.springframework.ui.context.support.ResourceBundleThemeSource@78b03788]
[12:03:55][INFO ](DefaultListableBeanFactory.java:557)-Pre-instantiating singletons in org.springframework.beans.factory.support.DefaultListableBeanFactory@7a0ab480: defining beans []; root of factory hierarchy
[12:03:55][DEBUG](AbstractApplicationContext.java:845)-Unable to locate LifecycleProcessor with name 'lifecycleProcessor': using default [org.springframework.context.support.DefaultLifecycleProcessor@69a5c6be]
[12:03:55][DEBUG](AbstractBeanFactory.java:245)-Returning cached instance of singleton bean 'lifecycleProcessor'
[12:03:55][TRACE](AbstractApplicationContext.java:322)-Publishing event in Root WebApplicationContext: org.springframework.context.event.ContextRefreshedEvent[source=Root WebApplicationContext: startup date [Tue Mar 14 12:03:54 KST 2023]; root of context hierarchy]
[12:03:55][DEBUG](ContextLoader.java:297)-Published root WebApplicationContext as ServletContext attribute with name [org.springframework.web.context.WebApplicationContext.ROOT]
//Root WebApplicationContext: 초기화 완료됨
[12:03:55][INFO ](ContextLoader.java:302)-Root WebApplicationContext: initialization completed in 1021 ms
//표준 서블릿 환경 초기화
[12:03:55][DEBUG](AbstractEnvironment.java:114)-Initializing new StandardServletEnvironment
//파라미터([servletConfigInitParams] [servletContextInitParams] [jndiProperties] [systemProperties] [systemEnvironment]  )  초기화
[12:03:55][DEBUG](MutablePropertySources.java:103)-Adding [servletConfigInitParams] PropertySource with lowest search precedence
[12:03:55][DEBUG](MutablePropertySources.java:103)-Adding [servletContextInitParams] PropertySource with lowest search precedence
[12:03:55][DEBUG](MutablePropertySources.java:103)-Adding [jndiProperties] PropertySource with lowest search precedence
[12:03:55][DEBUG](MutablePropertySources.java:103)-Adding [systemProperties] PropertySource with lowest search precedence
[12:03:55][DEBUG](MutablePropertySources.java:103)-Adding [systemEnvironment] PropertySource with lowest search precedence
[12:03:55][DEBUG](AbstractEnvironment.java:120)-Initialized StandardServletEnvironment with PropertySources [servletConfigInitParams,servletContextInitParams,jndiProperties,systemProperties,systemEnvironment]

//'appServlet' 초기화
[12:03:55][DEBUG](HttpServletBean.java:115)-Initializing servlet 'appServlet'

//DispatcherServlet 동작
[12:03:55][TRACE](CachedIntrospectionResults.java:222)-Getting BeanInfo for class [org.springframework.web.servlet.DispatcherServlet]
[12:03:55][TRACE](CachedIntrospectionResults.java:238)-Caching PropertyDescriptors for class [org.springframework.web.servlet.DispatcherServlet]
[12:03:55][TRACE](CachedIntrospectionResults.java:250)-Found bean property 'class' of type [java.lang.Class]
[12:03:55][TRACE](CachedIntrospectionResults.java:250)-Found bean property 'cleanupAfterInclude' of type [boolean]
[12:03:55][TRACE](CachedIntrospectionResults.java:250)-Found bean property 'contextAttribute' of type [java.lang.String]
[12:03:55][TRACE](CachedIntrospectionResults.java:250)-Found bean property 'contextClass' of type [java.lang.Class]
[12:03:55][TRACE](CachedIntrospectionResults.java:250)-Found bean property 'contextConfigLocation' of type [java.lang.String]
[12:03:55][TRACE](CachedIntrospectionResults.java:250)-Found bean property 'contextId' of type [java.lang.String]
[12:03:55][TRACE](CachedIntrospectionResults.java:250)-Found bean property 'contextInitializerClasses' of type [java.lang.String]
[12:03:55][TRACE](CachedIntrospectionResults.java:250)-Found bean property 'contextInitializers' of type [[Lorg.springframework.context.ApplicationContextInitializer;]
[12:03:55][TRACE](CachedIntrospectionResults.java:250)-Found bean property 'detectAllHandlerAdapters' of type [boolean]
[12:03:55][TRACE](CachedIntrospectionResults.java:250)-Found bean property 'detectAllHandlerExceptionResolvers' of type [boolean]
[12:03:55][TRACE](CachedIntrospectionResults.java:250)-Found bean property 'detectAllHandlerMappings' of type [boolean]
[12:03:55][TRACE](CachedIntrospectionResults.java:250)-Found bean property 'detectAllViewResolvers' of type [boolean]
[12:03:55][TRACE](CachedIntrospectionResults.java:250)-Found bean property 'dispatchOptionsRequest' of type [boolean]
[12:03:55][TRACE](CachedIntrospectionResults.java:250)-Found bean property 'dispatchTraceRequest' of type [boolean]
[12:03:55][TRACE](CachedIntrospectionResults.java:250)-Found bean property 'environment' of type [org.springframework.core.env.Environment]
[12:03:55][TRACE](CachedIntrospectionResults.java:250)-Found bean property 'initParameterNames' of type [java.util.Enumeration]
[12:03:55][TRACE](CachedIntrospectionResults.java:250)-Found bean property 'multipartResolver' of type [org.springframework.web.multipart.MultipartResolver]
[12:03:55][TRACE](CachedIntrospectionResults.java:250)-Found bean property 'namespace' of type [java.lang.String]
[12:03:55][TRACE](CachedIntrospectionResults.java:250)-Found bean property 'publishContext' of type [boolean]
[12:03:55][TRACE](CachedIntrospectionResults.java:250)-Found bean property 'publishEvents' of type [boolean]
[12:03:55][TRACE](CachedIntrospectionResults.java:250)-Found bean property 'servletConfig' of type [javax.servlet.ServletConfig]
[12:03:55][TRACE](CachedIntrospectionResults.java:250)-Found bean property 'servletContext' of type [javax.servlet.ServletContext]
[12:03:55][TRACE](CachedIntrospectionResults.java:250)-Found bean property 'servletContextAttributeName' of type [java.lang.String]
[12:03:55][TRACE](CachedIntrospectionResults.java:250)-Found bean property 'servletInfo' of type [java.lang.String]
[12:03:55][TRACE](CachedIntrospectionResults.java:250)-Found bean property 'servletName' of type [java.lang.String]
[12:03:55][TRACE](CachedIntrospectionResults.java:250)-Found bean property 'themeSource' of type [org.springframework.ui.context.ThemeSource]
[12:03:55][TRACE](CachedIntrospectionResults.java:250)-Found bean property 'threadContextInheritable' of type [boolean]
[12:03:55][TRACE](CachedIntrospectionResults.java:250)-Found bean property 'webApplicationContext' of type [org.springframework.web.context.WebApplicationContext]

//'appServlet' 초기화 시작
[12:03:55][INFO ](FrameworkServlet.java:444)-FrameworkServlet 'appServlet': initialization started


//appServlet이 부모 context [Root WebApplicationContext를 사용해 .XmlWebApplicationContext' 만듦
[12:03:55][DEBUG](FrameworkServlet.java:572)-Servlet with name 'appServlet' will try to create custom WebApplicationContext context of class 'org.springframework.web.context.support.XmlWebApplicationContext', using parent context [Root WebApplicationContext: startup date [Tue Mar 14 12:03:54 KST 2023]; root of context hierarchy]

[12:03:55][DEBUG](AbstractEnvironment.java:114)-Initializing new StandardServletEnvironment
[12:03:55][DEBUG](MutablePropertySources.java:103)-Adding [servletConfigInitParams] PropertySource with lowest search precedence
[12:03:55][DEBUG](MutablePropertySources.java:103)-Adding [servletContextInitParams] PropertySource with lowest search precedence
[12:03:55][DEBUG](MutablePropertySources.java:103)-Adding [jndiProperties] PropertySource with lowest search precedence
[12:03:55][DEBUG](MutablePropertySources.java:103)-Adding [systemProperties] PropertySource with lowest search precedence
[12:03:55][DEBUG](MutablePropertySources.java:103)-Adding [systemEnvironment] PropertySource with lowest search precedence
[12:03:55][DEBUG](AbstractEnvironment.java:120)-Initialized StandardServletEnvironment with PropertySources [servletConfigInitParams,servletContextInitParams,jndiProperties,systemProperties,systemEnvironment]

[12:03:55][INFO ](AbstractApplicationContext.java:495)-Refreshing WebApplicationContext for namespace 'appServlet-servlet': startup date [Tue Mar 14 12:03:55 KST 2023]; parent: Root WebApplicationContext
[12:03:55][DEBUG](MutablePropertySources.java:163)-Replacing [servletConfigInitParams] PropertySource with [servletConfigInitParams]
[12:03:55][DEBUG](AbstractEnvironment.java:114)-Initializing new StandardEnvironment
[12:03:55][DEBUG](MutablePropertySources.java:103)-Adding [systemProperties] PropertySource with lowest search precedence
[12:03:55][DEBUG](MutablePropertySources.java:103)-Adding [systemEnvironment] PropertySource with lowest search precedence
[12:03:55][DEBUG](AbstractEnvironment.java:120)-Initialized StandardEnvironment with PropertySources [systemProperties,systemEnvironment]

[12:03:55][DEBUG](AbstractEnvironment.java:114)-Initializing new StandardEnvironment
[12:03:55][DEBUG](MutablePropertySources.java:103)-Adding [systemProperties] PropertySource with lowest search precedence
[12:03:55][DEBUG](MutablePropertySources.java:103)-Adding [systemEnvironment] PropertySource with lowest search precedence
[12:03:55][DEBUG](AbstractEnvironment.java:120)-Initialized StandardEnvironment with PropertySources [systemProperties,systemEnvironment]

[12:03:55][INFO ](XmlBeanDefinitionReader.java:315)-Loading XML bean definitions from ServletContext resource [/WEB-INF/spring/appServlet/servlet-context.xml]
[12:03:55][DEBUG](DefaultDocumentLoader.java:72)-Using JAXP provider [com.sun.org.apache.xerces.internal.jaxp.DocumentBuilderFactoryImpl]
[12:03:55][TRACE](PluggableSchemaResolver.java:105)-Trying to resolve XML entity with public id [null] and system id [https://www.springframework.org/schema/beans/spring-beans.xsd]
[12:03:55][DEBUG](PluggableSchemaResolver.java:140)-Loading schema mappings from [META-INF/spring.schemas]
[12:03:55][DEBUG](PluggableSchemaResolver.java:146)-Loaded schema mappings: {http://www.springframework.org/schema/context/spring-context-2.5.xsd=org/springframework/context/config/spring-context-2.5.xsd, http://www.springframework.org/schema/beans/spring-beans-2.0.xsd=org/springframework/beans/factory/xml/spring-beans-2.0.xsd, http://www.springframework.org/schema/tool/spring-tool-3.1.xsd=org/springframework/beans/factory/xml/spring-tool-3.1.xsd, http://www.springframework.org/schema/aop/spring-aop-2.0.xsd=org/springframework/aop/config/spring-aop-2.0.xsd, http://www.springframework.org/schema/jee/spring-jee-2.0.xsd=org/springframework/ejb/config/spring-jee-2.0.xsd, http://www.springframework.org/schema/util/spring-util-2.0.xsd=org/springframework/beans/factory/xml/spring-util-2.0.xsd, http://www.springframework.org/schema/util/spring-util.xsd=org/springframework/beans/factory/xml/spring-util-3.1.xsd, http://www.springframework.org/schema/tool/spring-tool-2.0.xsd=org/springframework/beans/factory/xml/spring-tool-2.0.xsd, http://www.springframework.org/schema/context/spring-context-3.1.xsd=org/springframework/context/config/spring-context-3.1.xsd, http://www.springframework.org/schema/util/spring-util-3.0.xsd=org/springframework/beans/factory/xml/spring-util-3.0.xsd, http://www.springframework.org/schema/mvc/spring-mvc.xsd=org/springframework/web/servlet/config/spring-mvc-3.1.xsd, http://www.springframework.org/schema/tool/spring-tool.xsd=org/springframework/beans/factory/xml/spring-tool-3.1.xsd, http://www.springframework.org/schema/lang/spring-lang-2.5.xsd=org/springframework/scripting/config/spring-lang-2.5.xsd, http://www.springframework.org/schema/jee/spring-jee.xsd=org/springframework/ejb/config/spring-jee-3.1.xsd, http://www.springframework.org/schema/util/spring-util-3.1.xsd=org/springframework/beans/factory/xml/spring-util-3.1.xsd, http://www.springframework.org/schema/jee/spring-jee-2.5.xsd=org/springframework/ejb/config/spring-jee-2.5.xsd, http://www.springframework.org/schema/aop/spring-aop-2.5.xsd=org/springframework/aop/config/spring-aop-2.5.xsd, http://www.springframework.org/schema/beans/spring-beans-2.5.xsd=org/springframework/beans/factory/xml/spring-beans-2.5.xsd, http://www.springframework.org/schema/context/spring-context.xsd=org/springframework/context/config/spring-context-3.1.xsd, http://www.springframework.org/schema/cache/spring-cache-3.1.xsd=org/springframework/cache/config/spring-cache-3.1.xsd, http://www.springframework.org/schema/tool/spring-tool-2.5.xsd=org/springframework/beans/factory/xml/spring-tool-2.5.xsd, http://www.springframework.org/schema/beans/spring-beans-3.0.xsd=org/springframework/beans/factory/xml/spring-beans-3.0.xsd, http://www.springframework.org/schema/beans/spring-beans.xsd=org/springframework/beans/factory/xml/spring-beans-3.1.xsd, http://www.springframework.org/schema/mvc/spring-mvc-3.1.xsd=org/springframework/web/servlet/config/spring-mvc-3.1.xsd, http://www.springframework.org/schema/aop/spring-aop-3.1.xsd=org/springframework/aop/config/spring-aop-3.1.xsd, http://www.springframework.org/schema/jee/spring-jee-3.0.xsd=org/springframework/ejb/config/spring-jee-3.0.xsd, http://www.springframework.org/schema/aop/spring-aop-3.0.xsd=org/springframework/aop/config/spring-aop-3.0.xsd, http://www.springframework.org/schema/jee/spring-jee-3.1.xsd=org/springframework/ejb/config/spring-jee-3.1.xsd, http://www.springframework.org/schema/lang/spring-lang-3.0.xsd=org/springframework/scripting/config/spring-lang-3.0.xsd, http://www.springframework.org/schema/mvc/spring-mvc-3.0.xsd=org/springframework/web/servlet/config/spring-mvc-3.0.xsd, http://www.springframework.org/schema/beans/spring-beans-3.1.xsd=org/springframework/beans/factory/xml/spring-beans-3.1.xsd, http://www.springframework.org/schema/lang/spring-lang-2.0.xsd=org/springframework/scripting/config/spring-lang-2.0.xsd, http://www.springframework.org/schema/task/spring-task-3.1.xsd=org/springframework/scheduling/config/spring-task-3.1.xsd, http://www.springframework.org/schema/lang/spring-lang.xsd=org/springframework/scripting/config/spring-lang-3.1.xsd, http://www.springframework.org/schema/tool/spring-tool-3.0.xsd=org/springframework/beans/factory/xml/spring-tool-3.0.xsd, http://www.springframework.org/schema/util/spring-util-2.5.xsd=org/springframework/beans/factory/xml/spring-util-2.5.xsd, http://www.springframework.org/schema/lang/spring-lang-3.1.xsd=org/springframework/scripting/config/spring-lang-3.1.xsd, http://www.springframework.org/schema/task/spring-task-3.0.xsd=org/springframework/scheduling/config/spring-task-3.0.xsd, http://www.springframework.org/schema/task/spring-task.xsd=org/springframework/scheduling/config/spring-task-3.1.xsd, http://www.springframework.org/schema/context/spring-context-3.0.xsd=org/springframework/context/config/spring-context-3.0.xsd, http://www.springframework.org/schema/cache/spring-cache.xsd=org/springframework/cache/config/spring-cache-3.1.xsd, http://www.springframework.org/schema/aop/spring-aop.xsd=org/springframework/aop/config/spring-aop-3.1.xsd}
[12:03:55][TRACE](PluggableSchemaResolver.java:105)-Trying to resolve XML entity with public id [null] and system id [https://www.springframework.org/schema/mvc/spring-mvc.xsd]
[12:03:55][TRACE](PluggableSchemaResolver.java:105)-Trying to resolve XML entity with public id [null] and system id [https://www.springframework.org/schema/tool/spring-tool-4.3.xsd]
[12:03:55][TRACE](PluggableSchemaResolver.java:105)-Trying to resolve XML entity with public id [null] and system id [https://www.springframework.org/schema/context/spring-context.xsd]

//정의된 빈 불러옴
[12:03:55][DEBUG](DefaultBeanDefinitionDocumentReader.java:108)-Loading bean definitions


// 핸들러 NamespaceHandler mappings
[12:03:55][DEBUG](DefaultNamespaceHandlerResolver.java:156)-Loaded NamespaceHandler mappings: {http://www.springframework.org/schema/aop=org.springframework.aop.config.AopNamespaceHandler, http://www.springframework.org/schema/cache=org.springframework.cache.config.CacheNamespaceHandler, http://www.springframework.org/schema/task=org.springframework.scheduling.config.TaskNamespaceHandler, http://www.springframework.org/schema/p=org.springframework.beans.factory.xml.SimplePropertyNamespaceHandler, http://www.springframework.org/schema/util=org.springframework.beans.factory.xml.UtilNamespaceHandler, http://www.springframework.org/schema/lang=org.springframework.scripting.config.LangNamespaceHandler, http://www.springframework.org/schema/c=org.springframework.beans.factory.xml.SimpleConstructorNamespaceHandler, http://www.springframework.org/schema/context=org.springframework.context.config.ContextNamespaceHandler, http://www.springframework.org/schema/jee=org.springframework.ejb.config.JeeNamespaceHandler, http://www.springframework.org/schema/mvc=org.springframework.web.servlet.config.MvcNamespaceHandler}
[12:03:55][DEBUG](BeanDefinitionParserDelegate.java:497)-Neither XML 'id' nor 'name' specified - using generated bean name [org.springframework.web.servlet.view.InternalResourceViewResolver#0]

[12:03:55][DEBUG](AbstractEnvironment.java:114)-Initializing new StandardEnvironment
[12:03:55][DEBUG](MutablePropertySources.java:103)-Adding [systemProperties] PropertySource with lowest search precedence
[12:03:55][DEBUG](MutablePropertySources.java:103)-Adding [systemEnvironment] PropertySource with lowest search precedence
[12:03:55][DEBUG](AbstractEnvironment.java:120)-Initialized StandardEnvironment with PropertySources [systemProperties,systemEnvironment]
[12:03:55][INFO ](ClassPathScanningCandidateComponentProvider.java:202)-JSR-250 'javax.annotation.ManagedBean' found and supported for component scanning
[12:03:55][INFO ](ClassPathScanningCandidateComponentProvider.java:210)-JSR-330 'javax.inject.Named' annotation found and supported for component scanning

//C:\Users\hi\Documents\workspace-sts-3.9.10.RELEASE\.metadata\.plugins\org.eclipse.wst.server.core\tmp0\wtpwebapps\pro27\WEB-INF\classes\com\myspring\pro27경로에서 컴파일 된 컨트롤러 찾음
[12:03:55][DEBUG](PathMatchingResourcePatternResolver.java:550)-Looking for matching resources in directory tree [C:\Users\hi\Documents\workspace-sts-3.9.10.RELEASE\.metadata\.plugins\org.eclipse.wst.server.core\tmp0\wtpwebapps\pro27\WEB-INF\classes\com\myspring\pro27]

[12:03:55][DEBUG](PathMatchingResourcePatternResolver.java:612)-Searching directory [C:\Users\hi\Documents\workspace-sts-3.9.10.RELEASE\.metadata\.plugins\org.eclipse.wst.server.core\tmp0\wtpwebapps\pro27\WEB-INF\classes\com\myspring\pro27] for files matching pattern [C:/Users/hi/Documents/workspace-sts-3.9.10.RELEASE/.metadata/.plugins/org.eclipse.wst.server.core/tmp0/wtpwebapps/pro27/WEB-INF/classes/com/myspring/pro27/**/*.class]
[12:03:55][DEBUG](PathMatchingResourcePatternResolver.java:351)-Resolved location pattern [classpath*:com/myspring/pro27/**/*.class] to resources [file [C:\Users\hi\Documents\workspace-sts-3.9.10.RELEASE\.metadata\.plugins\org.eclipse.wst.server.core\tmp0\wtpwebapps\pro27\WEB-INF\classes\com\myspring\pro27\HomeController.class]]
[12:03:55][TRACE](ClassPathScanningCandidateComponentProvider.java:233)-Scanning file [C:\Users\hi\Documents\workspace-sts-3.9.10.RELEASE\.metadata\.plugins\org.eclipse.wst.server.core\tmp0\wtpwebapps\pro27\WEB-INF\classes\com\myspring\pro27\HomeController.class]
[12:03:55][DEBUG](ClassPathScanningCandidateComponentProvider.java:244)-Identified candidate component class: file [C:\Users\hi\Documents\workspace-sts-3.9.10.RELEASE\.metadata\.plugins\org.eclipse.wst.server.core\tmp0\wtpwebapps\pro27\WEB-INF\classes\com\myspring\pro27\HomeController.class]



[12:03:55][DEBUG](AbstractBeanDefinitionReader.java:216)-Loaded 18 bean definitions from location pattern [/WEB-INF/spring/appServlet/servlet-context.xml]



[12:03:55][DEBUG](AbstractApplicationContext.java:525)-Bean factory for WebApplicationContext for namespace 'appServlet-servlet': org.springframework.beans.factory.support.DefaultListableBeanFactory@11826398: defining beans [org.springframework.web.servlet.mvc.method.annotation.RequestMappingHandlerMapping#0,org.springframework.format.support.FormattingConversionServiceFactoryBean#0,org.springframework.web.servlet.mvc.method.annotation.RequestMappingHandlerAdapter#0,org.springframework.web.servlet.handler.MappedInterceptor#0,org.springframework.web.servlet.mvc.method.annotation.ExceptionHandlerExceptionResolver#0,org.springframework.web.servlet.mvc.annotation.ResponseStatusExceptionResolver#0,org.springframework.web.servlet.mvc.support.DefaultHandlerExceptionResolver#0,org.springframework.web.servlet.handler.BeanNameUrlHandlerMapping,org.springframework.web.servlet.mvc.HttpRequestHandlerAdapter,org.springframework.web.servlet.mvc.SimpleControllerHandlerAdapter,org.springframework.web.servlet.resource.ResourceHttpRequestHandler#0,org.springframework.web.servlet.handler.SimpleUrlHandlerMapping#0,org.springframework.web.servlet.view.InternalResourceViewResolver#0,homeController,org.springframework.context.annotation.internalConfigurationAnnotationProcessor,org.springframework.context.annotation.internalAutowiredAnnotationProcessor,org.springframework.context.annotation.internalRequiredAnnotationProcessor,org.springframework.context.annotation.internalCommonAnnotationProcessor]; parent: org.springframework.beans.factory.support.DefaultListableBeanFactory@7a0ab480
[12:03:55][DEBUG](DefaultSingletonBeanRegistry.java:217)-Creating shared instance of singleton bean 'org.springframework.context.annotation.internalConfigurationAnnotationProcessor'
[12:03:55][DEBUG](AbstractAutowireCapableBeanFactory.java:430)-Creating instance of bean 'org.springframework.context.annotation.internalConfigurationAnnotationProcessor'
[12:03:55][DEBUG](AbstractAutowireCapableBeanFactory.java:504)-Eagerly caching bean 'org.springframework.context.annotation.internalConfigurationAnnotationProcessor' to allow for resolving potential circular references
[12:03:55][DEBUG](AbstractAutowireCapableBeanFactory.java:458)-Finished creating instance of bean 'org.springframework.context.annotation.internalConfigurationAnnotationProcessor'
[12:03:55][DEBUG](DefaultSingletonBeanRegistry.java:217)-Creating shared instance of singleton bean 'org.springframework.context.annotation.internalAutowiredAnnotationProcessor'
[12:03:55][DEBUG](AbstractAutowireCapableBeanFactory.java:430)-Creating instance of bean 'org.springframework.context.annotation.internalAutowiredAnnotationProcessor'
[12:03:55][INFO ](AutowiredAnnotationBeanPostProcessor.java:139)-JSR-330 'javax.inject.Inject' annotation found and supported for autowiring
[12:03:55][DEBUG](AbstractAutowireCapableBeanFactory.java:504)-Eagerly caching bean 'org.springframework.context.annotation.internalAutowiredAnnotationProcessor' to allow for resolving potential circular references
[12:03:55][DEBUG](AbstractAutowireCapableBeanFactory.java:458)-Finished creating instance of bean 'org.springframework.context.annotation.internalAutowiredAnnotationProcessor'
[12:03:55][DEBUG](DefaultSingletonBeanRegistry.java:217)-Creating shared instance of singleton bean 'org.springframework.context.annotation.internalRequiredAnnotationProcessor'
[12:03:55][DEBUG](AbstractAutowireCapableBeanFactory.java:430)-Creating instance of bean 'org.springframework.context.annotation.internalRequiredAnnotationProcessor'
[12:03:55][DEBUG](AbstractAutowireCapableBeanFactory.java:504)-Eagerly caching bean 'org.springframework.context.annotation.internalRequiredAnnotationProcessor' to allow for resolving potential circular references
[12:03:55][DEBUG](AbstractAutowireCapableBeanFactory.java:458)-Finished creating instance of bean 'org.springframework.context.annotation.internalRequiredAnnotationProcessor'
[12:03:55][DEBUG](DefaultSingletonBeanRegistry.java:217)-Creating shared instance of singleton bean 'org.springframework.context.annotation.internalCommonAnnotationProcessor'
[12:03:55][DEBUG](AbstractAutowireCapableBeanFactory.java:430)-Creating instance of bean 'org.springframework.context.annotation.internalCommonAnnotationProcessor'
[12:03:55][DEBUG](AbstractAutowireCapableBeanFactory.java:504)-Eagerly caching bean 'org.springframework.context.annotation.internalCommonAnnotationProcessor' to allow for resolving potential circular references
[12:03:55][DEBUG](AbstractAutowireCapableBeanFactory.java:458)-Finished creating instance of bean 'org.springframework.context.annotation.internalCommonAnnotationProcessor'
[12:03:55][DEBUG](DefaultSingletonBeanRegistry.java:217)-Creating shared instance of singleton bean 'org.springframework.context.annotation.ConfigurationClassPostProcessor$ImportAwareBeanPostProcessor#0'
[12:03:55][DEBUG](AbstractAutowireCapableBeanFactory.java:430)-Creating instance of bean 'org.springframework.context.annotation.ConfigurationClassPostProcessor$ImportAwareBeanPostProcessor#0'



[12:03:55][DEBUG](AbstractAutowireCapableBeanFactory.java:504)-Eagerly caching bean 'org.springframework.context.annotation.ConfigurationClassPostProcessor$ImportAwareBeanPostProcessor#0' to allow for resolving potential circular references
[12:03:55][DEBUG](AbstractAutowireCapableBeanFactory.java:458)-Finished creating instance of bean 'org.springframework.context.annotation.ConfigurationClassPostProcessor$ImportAwareBeanPostProcessor#0'
[12:03:55][DEBUG](AbstractApplicationContext.java:794)-Unable to locate MessageSource with name 'messageSource': using default [org.springframework.context.support.DelegatingMessageSource@23648d2d]
[12:03:55][DEBUG](AbstractApplicationContext.java:818)-Unable to locate ApplicationEventMulticaster with name 'applicationEventMulticaster': using default [org.springframework.context.event.SimpleApplicationEventMulticaster@37c1cfa]
[12:03:55][DEBUG](UiApplicationContextUtils.java:85)-Unable to locate ThemeSource with name 'themeSource': using default [org.springframework.ui.context.support.DelegatingThemeSource@30036a18]
[12:03:55][INFO ](DefaultListableBeanFactory.java:557)-Pre-instantiating singletons in org.springframework.beans.factory.support.DefaultListableBeanFactory@11826398: defining beans [org.springframework.web.servlet.mvc.method.annotation.RequestMappingHandlerMapping#0,org.springframework.format.support.FormattingConversionServiceFactoryBean#0,org.springframework.web.servlet.mvc.method.annotation.RequestMappingHandlerAdapter#0,org.springframework.web.servlet.handler.MappedInterceptor#0,org.springframework.web.servlet.mvc.method.annotation.ExceptionHandlerExceptionResolver#0,org.springframework.web.servlet.mvc.annotation.ResponseStatusExceptionResolver#0,org.springframework.web.servlet.mvc.support.DefaultHandlerExceptionResolver#0,org.springframework.web.servlet.handler.BeanNameUrlHandlerMapping,org.springframework.web.servlet.mvc.HttpRequestHandlerAdapter,org.springframework.web.servlet.mvc.SimpleControllerHandlerAdapter,org.springframework.web.servlet.resource.ResourceHttpRequestHandler#0,org.springframework.web.servlet.handler.SimpleUrlHandlerMapping#0,org.springframework.web.servlet.view.InternalResourceViewResolver#0,homeController,org.springframework.context.annotation.internalConfigurationAnnotationProcessor,org.springframework.context.annotation.internalAutowiredAnnotationProcessor,org.springframework.context.annotation.internalRequiredAnnotationProcessor,org.springframework.context.annotation.internalCommonAnnotationProcessor,org.springframework.context.annotation.ConfigurationClassPostProcessor$ImportAwareBeanPostProcessor#0]; parent: org.springframework.beans.factory.support.DefaultListableBeanFactory@7a0ab480
[12:03:55][DEBUG](DefaultSingletonBeanRegistry.java:217)-Creating shared instance of singleton bean 'org.springframework.web.servlet.mvc.method.annotation.RequestMappingHandlerMapping#0'
[12:03:55][DEBUG](AbstractAutowireCapableBeanFactory.java:430)-Creating instance of bean 'org.springframework.web.servlet.mvc.method.annotation.RequestMappingHandlerMapping#0'
[12:03:55][DEBUG](AbstractAutowireCapableBeanFactory.java:504)-Eagerly caching bean 'org.springframework.web.servlet.mvc.method.annotation.RequestMappingHandlerMapping#0' to allow for resolving potential circular references
[12:03:55][TRACE](CachedIntrospectionResults.java:222)-Getting BeanInfo for class [org.springframework.web.servlet.mvc.method.annotation.RequestMappingHandlerMapping]
[12:03:55][TRACE](CachedIntrospectionResults.java:238)-Caching PropertyDescriptors for class [org.springframework.web.servlet.mvc.method.annotation.RequestMappingHandlerMapping]



[12:03:55][TRACE](CachedIntrospectionResults.java:250)-Found bean property 'alwaysUseFullPath' of type [boolean]
[12:03:55][TRACE](CachedIntrospectionResults.java:250)-Found bean property 'applicationContext' of type [org.springframework.context.ApplicationContext]
[12:03:55][TRACE](CachedIntrospectionResults.java:250)-Found bean property 'class' of type [java.lang.Class]
[12:03:55][TRACE](CachedIntrospectionResults.java:250)-Found bean property 'defaultHandler' of type [java.lang.Object]
[12:03:55][TRACE](CachedIntrospectionResults.java:250)-Found bean property 'detectHandlerMethodsInAncestorContexts' of type [boolean]
[12:03:55][TRACE](CachedIntrospectionResults.java:250)-Found bean property 'handlerMethods' of type [java.util.Map]
[12:03:55][TRACE](CachedIntrospectionResults.java:250)-Found bean property 'interceptors' of type [[Ljava.lang.Object;]
[12:03:55][TRACE](CachedIntrospectionResults.java:250)-Found bean property 'order' of type [int]
[12:03:55][TRACE](CachedIntrospectionResults.java:250)-Found bean property 'pathMatcher' of type [org.springframework.util.PathMatcher]
[12:03:55][TRACE](CachedIntrospectionResults.java:250)-Found bean property 'servletContext' of type [javax.servlet.ServletContext]
[12:03:55][TRACE](CachedIntrospectionResults.java:250)-Found bean property 'urlDecode' of type [boolean]
[12:03:55][TRACE](CachedIntrospectionResults.java:250)-Found bean property 'urlPathHelper' of type [org.springframework.web.util.UrlPathHelper]
[12:03:55][TRACE](CachedIntrospectionResults.java:250)-Found bean property 'useSuffixPatternMatch' of type [boolean]
[12:03:55][TRACE](CachedIntrospectionResults.java:250)-Found bean property 'useTrailingSlashMatch' of type [boolean]


[12:03:55][DEBUG](DefaultSingletonBeanRegistry.java:217)-Creating shared instance of singleton bean 'org.springframework.web.servlet.handler.MappedInterceptor#0'
[12:03:55][DEBUG](AbstractAutowireCapableBeanFactory.java:430)-Creating instance of bean 'org.springframework.web.servlet.handler.MappedInterceptor#0'
[12:03:55][DEBUG](AbstractAutowireCapableBeanFactory.java:430)-Creating instance of bean '(inner bean)'


//서비스

[12:03:56][DEBUG](DefaultSingletonBeanRegistry.java:217)-Creating shared instance of singleton bean 'org.springframework.format.support.FormattingConversionServiceFactoryBean#0'
[12:03:56][DEBUG](AbstractAutowireCapableBeanFactory.java:430)-Creating instance of bean 'org.springframework.format.support.FormattingConversionServiceFactoryBean#0'
[12:03:56][DEBUG](AbstractAutowireCapableBeanFactory.java:504)-Eagerly caching bean 'org.springframework.format.support.FormattingConversionServiceFactoryBean#0' to allow for resolving potential circular references
[12:03:56][TRACE](CachedIntrospectionResults.java:222)-Getting BeanInfo for class [org.springframework.format.support.FormattingConversionServiceFactoryBean]
[12:03:56][TRACE](CachedIntrospectionResults.java:238)-Caching PropertyDescriptors for class [org.springframework.format.support.FormattingConversionServiceFactoryBean]
[12:03:56][TRACE](CachedIntrospectionResults.java:250)-Found bean property 'class' of type [java.lang.Class]
[12:03:56][TRACE](CachedIntrospectionResults.java:250)-Found bean property 'converters' of type [java.util.Set]
[12:03:56][TRACE](CachedIntrospectionResults.java:250)-Found bean property 'embeddedValueResolver' of type [org.springframework.util.StringValueResolver]
[12:03:56][TRACE](CachedIntrospectionResults.java:250)-Found bean property 'formatterRegistrars' of type [java.util.Set]
[12:03:56][TRACE](CachedIntrospectionResults.java:250)-Found bean property 'formatters' of type [java.util.Set]
[12:03:56][TRACE](CachedIntrospectionResults.java:250)-Found bean property 'object' of type [org.springframework.format.support.FormattingConversionService]
[12:03:56][TRACE](CachedIntrospectionResults.java:250)-Found bean property 'objectType' of type [java.lang.Class]
[12:03:56][TRACE](CachedIntrospectionResults.java:250)-Found bean property 'registerDefaultFormatters' of type [boolean]
[12:03:56][TRACE](CachedIntrospectionResults.java:250)-Found bean property 'singleton' of type [boolean]

[12:03:56][DEBUG](AbstractAutowireCapableBeanFactory.java:1498)-Invoking afterPropertiesSet() on bean with name 'org.springframework.format.support.FormattingConversionServiceFactoryBean#0'
[12:03:56][DEBUG](AbstractAutowireCapableBeanFactory.java:458)-Finished creating instance of bean 'org.springframework.format.support.FormattingConversionServiceFactoryBean#0'
[12:03:56][TRACE](CachedIntrospectionResults.java:222)-Getting BeanInfo for class [org.springframework.web.servlet.handler.ConversionServiceExposingInterceptor]
[12:03:56][TRACE](CachedIntrospectionResults.java:238)-Caching PropertyDescriptors for class [org.springframework.web.servlet.handler.ConversionServiceExposingInterceptor]
[12:03:56][TRACE](CachedIntrospectionResults.java:250)-Found bean property 'class' of type [java.lang.Class]
[12:03:56][DEBUG](AbstractAutowireCapableBeanFactory.java:458)-Finished creating instance of bean '(inner bean)'
[12:03:56][DEBUG](AbstractEnvironment.java:114)-Initializing new StandardEnvironment
[12:03:56][DEBUG](MutablePropertySources.java:103)-Adding [systemProperties] PropertySource with lowest search precedence
[12:03:56][DEBUG](MutablePropertySources.java:103)-Adding [systemEnvironment] PropertySource with lowest search precedence
[12:03:56][DEBUG](AbstractEnvironment.java:120)-Initialized StandardEnvironment with PropertySources [systemProperties,systemEnvironment]
[12:03:56][DEBUG](AbstractEnvironment.java:114)-Initializing new StandardEnvironment
[12:03:56][DEBUG](MutablePropertySources.java:103)-Adding [systemProperties] PropertySource with lowest search precedence
[12:03:56][DEBUG](MutablePropertySources.java:103)-Adding [systemEnvironment] PropertySource with lowest search precedence
[12:03:56][DEBUG](AbstractEnvironment.java:120)-Initialized StandardEnvironment with PropertySources [systemProperties,systemEnvironment]
[12:03:56][DEBUG](AbstractEnvironment.java:114)-Initializing new StandardEnvironment
[12:03:56][DEBUG](MutablePropertySources.java:103)-Adding [systemProperties] PropertySource with lowest search precedence
[12:03:56][DEBUG](MutablePropertySources.java:103)-Adding [systemEnvironment] PropertySource with lowest search precedence
[12:03:56][DEBUG](AbstractEnvironment.java:120)-Initialized StandardEnvironment with PropertySources [systemProperties,systemEnvironment]
[12:03:56][DEBUG](AbstractEnvironment.java:114)-Initializing new StandardEnvironment
[12:03:56][DEBUG](MutablePropertySources.java:103)-Adding [systemProperties] PropertySource with lowest search precedence
[12:03:56][DEBUG](MutablePropertySources.java:103)-Adding [systemEnvironment] PropertySource with lowest search precedence
[12:03:56][DEBUG](AbstractEnvironment.java:120)-Initialized StandardEnvironment with PropertySources [systemProperties,systemEnvironment]
[12:03:56][DEBUG](AbstractEnvironment.java:114)-Initializing new StandardEnvironment
[12:03:56][DEBUG](MutablePropertySources.java:103)-Adding [systemProperties] PropertySource with lowest search precedence
[12:03:56][DEBUG](MutablePropertySources.java:103)-Adding [systemEnvironment] PropertySource with lowest search precedence
[12:03:56][DEBUG](AbstractEnvironment.java:120)-Initialized StandardEnvironment with PropertySources [systemProperties,systemEnvironment]

[12:03:56][DEBUG](BeanUtils.java:442)-No property editor [org.springframework.web.context.request.WebRequestInterceptorEditor] found for type org.springframework.web.context.request.WebRequestInterceptor according to 'Editor' suffix convention
[12:03:56][TRACE](ConstructorResolver.java:201)-Ignoring constructor [public org.springframework.web.servlet.handler.MappedInterceptor(java.lang.String[],org.springframework.web.context.request.WebRequestInterceptor)] of bean 'org.springframework.web.servlet.handler.MappedInterceptor#0': org.springframework.beans.factory.UnsatisfiedDependencyException: Error creating bean with name 'org.springframework.web.servlet.handler.MappedInterceptor#0': Unsatisfied dependency expressed through constructor argument with index 1 of type [org.springframework.web.context.request.WebRequestInterceptor]: Could not convert constructor argument value of type [org.springframework.web.servlet.handler.ConversionServiceExposingInterceptor] to required type [org.springframework.web.context.request.WebRequestInterceptor]: Failed to convert value of type 'org.springframework.web.servlet.handler.ConversionServiceExposingInterceptor' to required type 'org.springframework.web.context.request.WebRequestInterceptor'; nested exception is java.lang.IllegalStateException: Cannot convert value of type [org.springframework.web.servlet.handler.ConversionServiceExposingInterceptor] to required type [org.springframework.web.context.request.WebRequestInterceptor]: no matching editors or conversion strategy found
[12:03:56][DEBUG](AbstractAutowireCapableBeanFactory.java:504)-Eagerly caching bean 'org.springframework.web.servlet.handler.MappedInterceptor#0' to allow for resolving potential circular references
[12:03:56][TRACE](CachedIntrospectionResults.java:222)-Getting BeanInfo for class [org.springframework.web.servlet.handler.MappedInterceptor]
[12:03:56][TRACE](CachedIntrospectionResults.java:238)-Caching PropertyDescriptors for class [org.springframework.web.servlet.handler.MappedInterceptor]
[12:03:56][TRACE](CachedIntrospectionResults.java:250)-Found bean property 'class' of type [java.lang.Class]
[12:03:56][TRACE](CachedIntrospectionResults.java:250)-Found bean property 'interceptor' of type [org.springframework.web.servlet.HandlerInterceptor]
[12:03:56][TRACE](CachedIntrospectionResults.java:250)-Found bean property 'pathPatterns' of type [[Ljava.lang.String;]

[12:03:56][DEBUG](AbstractAutowireCapableBeanFactory.java:458)-Finished creating instance of bean 'org.springframework.web.servlet.handler.MappedInterceptor#0'
[12:03:56][DEBUG](AbstractHandlerMethodMapping.java:100)-Looking for request mappings in application context: WebApplicationContext for namespace 'appServlet-servlet': startup date [Tue Mar 14 12:03:55 KST 2023]; parent: Root WebApplicationContext


//매핑(/)

[12:03:56][INFO ](AbstractHandlerMethodMapping.java:190)-Mapped "{[/],methods=[GET],params=[],headers=[],consumes=[],produces=[],custom=[]}" onto public java.lang.String com.myspring.pro27.HomeController.home(java.util.Locale,org.springframework.ui.Model)

[12:03:56][DEBUG](AbstractAutowireCapableBeanFactory.java:458)-Finished creating instance of bean 'org.springframework.web.servlet.mvc.method.annotation.RequestMappingHandlerMapping#0'

[12:03:56][DEBUG](AbstractBeanFactory.java:245)-Returning cached instance of singleton bean 'org.springframework.format.support.FormattingConversionServiceFactoryBean#0'

[12:03:56][DEBUG](DefaultSingletonBeanRegistry.java:217)-Creating shared instance of singleton bean 'org.springframework.web.servlet.mvc.method.annotation.RequestMappingHandlerAdapter#0'
[12:03:56][DEBUG](AbstractAutowireCapableBeanFactory.java:430)-Creating instance of bean 'org.springframework.web.servlet.mvc.method.annotation.RequestMappingHandlerAdapter#0'
[12:03:56][DEBUG](AbstractAutowireCapableBeanFactory.java:504)-Eagerly caching bean 'org.springframework.web.servlet.mvc.method.annotation.RequestMappingHandlerAdapter#0' to allow for resolving potential circular references
[12:03:56][TRACE](CachedIntrospectionResults.java:222)-Getting BeanInfo for class [org.springframework.web.servlet.mvc.method.annotation.RequestMappingHandlerAdapter]

[12:03:56][TRACE](CachedIntrospectionResults.java:238)-Caching PropertyDescriptors for class [org.springframework.web.servlet.mvc.method.annotation.RequestMappingHandlerAdapter]
[12:03:56][TRACE](CachedIntrospectionResults.java:250)-Found bean property 'applicationContext' of type [org.springframework.context.ApplicationContext]
[12:03:56][TRACE](CachedIntrospectionResults.java:250)-Found bean property 'argumentResolvers' of type [org.springframework.web.method.support.HandlerMethodArgumentResolverComposite]
[12:03:56][TRACE](CachedIntrospectionResults.java:250)-Found bean property 'beanFactory' of type [org.springframework.beans.factory.BeanFactory]
[12:03:56][TRACE](CachedIntrospectionResults.java:250)-Found bean property 'cacheSeconds' of type [int]
[12:03:56][TRACE](CachedIntrospectionResults.java:250)-Found bean property 'cacheSecondsForSessionAttributeHandlers' of type [int]
[12:03:56][TRACE](CachedIntrospectionResults.java:250)-Found bean property 'class' of type [java.lang.Class]
[12:03:56][TRACE](CachedIntrospectionResults.java:250)-Found bean property 'customArgumentResolvers' of type [java.util.List]
[12:03:56][TRACE](CachedIntrospectionResults.java:250)-Found bean property 'customReturnValueHandlers' of type [java.util.List]
[12:03:56][TRACE](CachedIntrospectionResults.java:250)-Found bean property 'ignoreDefaultModelOnRedirect' of type [boolean]
[12:03:56][TRACE](CachedIntrospectionResults.java:250)-Found bean property 'initBinderArgumentResolvers' of type [org.springframework.web.method.support.HandlerMethodArgumentResolverComposite]
[12:03:56][TRACE](CachedIntrospectionResults.java:250)-Found bean property 'messageConverters' of type [java.util.List]

[12:03:56][TRACE](CachedIntrospectionResults.java:250)-Found bean property 'modelAndViewResolvers' of type [java.util.List]

[12:03:56][TRACE](CachedIntrospectionResults.java:250)-Found bean property 'order' of type [int]
[12:03:56][TRACE](CachedIntrospectionResults.java:250)-Found bean property 'parameterNameDiscoverer' of type [org.springframework.core.ParameterNameDiscoverer]
[12:03:56][TRACE](CachedIntrospectionResults.java:250)-Found bean property 'requireSession' of type [boolean]
[12:03:56][TRACE](CachedIntrospectionResults.java:250)-Found bean property 'returnValueHandlers' of type [org.springframework.web.method.support.HandlerMethodReturnValueHandlerComposite]
[12:03:56][TRACE](CachedIntrospectionResults.java:250)-Found bean property 'servletContext' of type [javax.servlet.ServletContext]
[12:03:56][TRACE](CachedIntrospectionResults.java:250)-Found bean property 'sessionAttributeStore' of type [org.springframework.web.bind.support.SessionAttributeStore]
[12:03:56][TRACE](CachedIntrospectionResults.java:250)-Found bean property 'supportedMethods' of type [[Ljava.lang.String;]
[12:03:56][TRACE](CachedIntrospectionResults.java:250)-Found bean property 'synchronizeOnSession' of type [boolean]
[12:03:56][TRACE](CachedIntrospectionResults.java:250)-Found bean property 'useCacheControlHeader' of type [boolean]
[12:03:56][TRACE](CachedIntrospectionResults.java:250)-Found bean property 'useCacheControlNoStore' of type [boolean]
[12:03:56][TRACE](CachedIntrospectionResults.java:250)-Found bean property 'useExpiresHeader' of type [boolean]
[12:03:56][TRACE](CachedIntrospectionResults.java:250)-Found bean property 'webBindingInitializer' of type [org.springframework.web.bind.support.WebBindingInitializer]
[12:03:56][DEBUG](AbstractAutowireCapableBeanFactory.java:430)-Creating instance of bean '(inner bean)#1'
[12:03:56][TRACE](CachedIntrospectionResults.java:222)-Getting BeanInfo for class [org.springframework.web.bind.support.ConfigurableWebBindingInitializer]
[12:03:56][TRACE](CachedIntrospectionResults.java:238)-Caching PropertyDescriptors for class [org.springframework.web.bind.support.ConfigurableWebBindingInitializer]
[12:03:56][TRACE](CachedIntrospectionResults.java:250)-Found bean property 'autoGrowNestedPaths' of type [boolean]
[12:03:56][TRACE](CachedIntrospectionResults.java:250)-Found bean property 'bindingErrorProcessor' of type [org.springframework.validation.BindingErrorProcessor]
[12:03:56][TRACE](CachedIntrospectionResults.java:250)-Found bean property 'class' of type [java.lang.Class]
[12:03:56][TRACE](CachedIntrospectionResults.java:250)-Found bean property 'conversionService' of type [org.springframework.core.convert.ConversionService]
[12:03:56][TRACE](CachedIntrospectionResults.java:250)-Found bean property 'directFieldAccess' of type [boolean]
[12:03:56][TRACE](CachedIntrospectionResults.java:250)-Found bean property 'messageCodesResolver' of type [org.springframework.validation.MessageCodesResolver]
[12:03:56][TRACE](CachedIntrospectionResults.java:250)-Found bean property 'propertyEditorRegistrar' of type [org.springframework.beans.PropertyEditorRegistrar]
[12:03:56][TRACE](CachedIntrospectionResults.java:250)-Found bean property 'propertyEditorRegistrars' of type [[Lorg.springframework.beans.PropertyEditorRegistrar;]
[12:03:56][TRACE](CachedIntrospectionResults.java:250)-Found bean property 'validator' of type [org.springframework.validation.Validator]




[12:03:56][DEBUG](AbstractBeanFactory.java:245)-Returning cached instance of singleton bean 'org.springframework.format.support.FormattingConversionServiceFactoryBean#0'
[12:03:56][DEBUG](AbstractAutowireCapableBeanFactory.java:458)-Finished creating instance of bean '(inner bean)#1'
[12:03:56][DEBUG](AbstractAutowireCapableBeanFactory.java:430)-Creating instance of bean '(inner bean)#2'
[12:03:56][TRACE](CachedIntrospectionResults.java:222)-Getting BeanInfo for class [org.springframework.http.converter.ByteArrayHttpMessageConverter]
[12:03:56][TRACE](CachedIntrospectionResults.java:238)-Caching PropertyDescriptors for class [org.springframework.http.converter.ByteArrayHttpMessageConverter]
[12:03:56][TRACE](CachedIntrospectionResults.java:250)-Found bean property 'class' of type [java.lang.Class]
[12:03:56][TRACE](CachedIntrospectionResults.java:250)-Found bean property 'supportedMediaTypes' of type [java.util.List]
[12:03:56][DEBUG](AbstractAutowireCapableBeanFactory.java:458)-Finished creating instance of bean '(inner bean)#2'
[12:03:56][DEBUG](AbstractAutowireCapableBeanFactory.java:430)-Creating instance of bean '(inner bean)#3'
[12:03:56][TRACE](CachedIntrospectionResults.java:222)-Getting BeanInfo for class [org.springframework.http.converter.StringHttpMessageConverter]
[12:03:56][TRACE](CachedIntrospectionResults.java:238)-Caching PropertyDescriptors for class [org.springframework.http.converter.StringHttpMessageConverter]
[12:03:56][TRACE](CachedIntrospectionResults.java:250)-Found bean property 'class' of type [java.lang.Class]
[12:03:56][TRACE](CachedIntrospectionResults.java:250)-Found bean property 'supportedMediaTypes' of type [java.util.List]
[12:03:56][TRACE](CachedIntrospectionResults.java:250)-Found bean property 'writeAcceptCharset' of type [boolean]
[12:03:56][DEBUG](AbstractAutowireCapableBeanFactory.java:458)-Finished creating instance of bean '(inner bean)#3'
[12:03:56][DEBUG](AbstractAutowireCapableBeanFactory.java:430)-Creating instance of bean '(inner bean)#4'
[12:03:56][TRACE](CachedIntrospectionResults.java:222)-Getting BeanInfo for class [org.springframework.http.converter.ResourceHttpMessageConverter]
[12:03:56][TRACE](CachedIntrospectionResults.java:238)-Caching PropertyDescriptors for class [org.springframework.http.converter.ResourceHttpMessageConverter]
[12:03:56][TRACE](CachedIntrospectionResults.java:250)-Found bean property 'class' of type [java.lang.Class]
[12:03:56][TRACE](CachedIntrospectionResults.java:250)-Found bean property 'supportedMediaTypes' of type [java.util.List]
[12:03:56][DEBUG](AbstractAutowireCapableBeanFactory.java:458)-Finished creating instance of bean '(inner bean)#4'
[12:03:56][DEBUG](AbstractAutowireCapableBeanFactory.java:430)-Creating instance of bean '(inner bean)#5'
[12:03:56][TRACE](CachedIntrospectionResults.java:222)-Getting BeanInfo for class [org.springframework.http.converter.xml.SourceHttpMessageConverter]
[12:03:56][TRACE](CachedIntrospectionResults.java:238)-Caching PropertyDescriptors for class [org.springframework.http.converter.xml.SourceHttpMessageConverter]
[12:03:56][TRACE](CachedIntrospectionResults.java:250)-Found bean property 'class' of type [java.lang.Class]
[12:03:56][TRACE](CachedIntrospectionResults.java:250)-Found bean property 'supportedMediaTypes' of type [java.util.List]
[12:03:56][DEBUG](AbstractAutowireCapableBeanFactory.java:458)-Finished creating instance of bean '(inner bean)#5'
[12:03:56][DEBUG](AbstractAutowireCapableBeanFactory.java:430)-Creating instance of bean '(inner bean)#6'
[12:03:56][TRACE](CachedIntrospectionResults.java:222)-Getting BeanInfo for class [org.springframework.http.converter.xml.XmlAwareFormHttpMessageConverter]
[12:03:56][TRACE](CachedIntrospectionResults.java:238)-Caching PropertyDescriptors for class [org.springframework.http.converter.xml.XmlAwareFormHttpMessageConverter]
[12:03:56][TRACE](CachedIntrospectionResults.java:250)-Found bean property 'charset' of type [java.nio.charset.Charset]
[12:03:56][TRACE](CachedIntrospectionResults.java:250)-Found bean property 'class' of type [java.lang.Class]
[12:03:56][TRACE](CachedIntrospectionResults.java:250)-Found bean property 'partConverters' of type [java.util.List]
[12:03:56][TRACE](CachedIntrospectionResults.java:250)-Found bean property 'supportedMediaTypes' of type [java.util.List]
[12:03:56][DEBUG](AbstractAutowireCapableBeanFactory.java:458)-Finished creating instance of bean '(inner bean)#6'
[12:03:56][DEBUG](AbstractAutowireCapableBeanFactory.java:1498)-Invoking afterPropertiesSet() on bean with name 'org.springframework.web.servlet.mvc.method.annotation.RequestMappingHandlerAdapter#0'
[12:03:56][DEBUG](AbstractAutowireCapableBeanFactory.java:458)-Finished creating instance of bean 'org.springframework.web.servlet.mvc.method.annotation.RequestMappingHandlerAdapter#0'
[12:03:56][DEBUG](AbstractBeanFactory.java:245)-Returning cached instance of singleton bean 'org.springframework.web.servlet.handler.MappedInterceptor#0'
[12:03:56][DEBUG](DefaultSingletonBeanRegistry.java:217)-Creating shared instance of singleton bean 'org.springframework.web.servlet.mvc.method.annotation.ExceptionHandlerExceptionResolver#0'
[12:03:56][DEBUG](AbstractAutowireCapableBeanFactory.java:430)-Creating instance of bean 'org.springframework.web.servlet.mvc.method.annotation.ExceptionHandlerExceptionResolver#0'
[12:03:56][DEBUG](AbstractAutowireCapableBeanFactory.java:504)-Eagerly caching bean 'org.springframework.web.servlet.mvc.method.annotation.ExceptionHandlerExceptionResolver#0' to allow for resolving potential circular references
[12:03:56][TRACE](CachedIntrospectionResults.java:222)-Getting BeanInfo for class [org.springframework.web.servlet.mvc.method.annotation.ExceptionHandlerExceptionResolver]
[12:03:56][TRACE](CachedIntrospectionResults.java:238)-Caching PropertyDescriptors for class [org.springframework.web.servlet.mvc.method.annotation.ExceptionHandlerExceptionResolver]

[12:03:56][TRACE](CachedIntrospectionResults.java:250)-Found bean property 'argumentResolvers' of type [org.springframework.web.method.support.HandlerMethodArgumentResolverComposite]
[12:03:56][TRACE](CachedIntrospectionResults.java:250)-Found bean property 'class' of type [java.lang.Class]
[12:03:56][TRACE](CachedIntrospectionResults.java:250)-Found bean property 'customArgumentResolvers' of type [java.util.List]
[12:03:56][TRACE](CachedIntrospectionResults.java:250)-Found bean property 'customReturnValueHandlers' of type [java.util.List]
[12:03:56][TRACE](CachedIntrospectionResults.java:250)-Found bean property 'mappedHandlerClasses' of type [[Ljava.lang.Class;]
[12:03:56][TRACE](CachedIntrospectionResults.java:250)-Found bean property 'mappedHandlers' of type [java.util.Set]
[12:03:56][TRACE](CachedIntrospectionResults.java:250)-Found bean property 'messageConverters' of type [java.util.List]
[12:03:56][TRACE](CachedIntrospectionResults.java:250)-Found bean property 'order' of type [int]
[12:03:56][TRACE](CachedIntrospectionResults.java:250)-Found bean property 'preventResponseCaching' of type [boolean]
[12:03:56][TRACE](CachedIntrospectionResults.java:250)-Found bean property 'returnValueHandlers' of type [org.springframework.web.method.support.HandlerMethodReturnValueHandlerComposite]
[12:03:56][TRACE](CachedIntrospectionResults.java:250)-Found bean property 'warnLogCategory' of type [java.lang.String]

[12:03:56][DEBUG](AbstractAutowireCapableBeanFactory.java:430)-Creating instance of bean '(inner bean)#7'
[12:03:56][DEBUG](AbstractAutowireCapableBeanFactory.java:458)-Finished creating instance of bean '(inner bean)#7'
[12:03:56][DEBUG](AbstractAutowireCapableBeanFactory.java:430)-Creating instance of bean '(inner bean)#8'
[12:03:56][DEBUG](AbstractAutowireCapableBeanFactory.java:458)-Finished creating instance of bean '(inner bean)#8'
[12:03:56][DEBUG](AbstractAutowireCapableBeanFactory.java:430)-Creating instance of bean '(inner bean)#9'
[12:03:56][DEBUG](AbstractAutowireCapableBeanFactory.java:458)-Finished creating instance of bean '(inner bean)#9'
[12:03:56][DEBUG](AbstractAutowireCapableBeanFactory.java:430)-Creating instance of bean '(inner bean)#10'
[12:03:56][DEBUG](AbstractAutowireCapableBeanFactory.java:458)-Finished creating instance of bean '(inner bean)#10'
[12:03:56][DEBUG](AbstractAutowireCapableBeanFactory.java:430)-Creating instance of bean '(inner bean)#11'
[12:03:56][DEBUG](AbstractAutowireCapableBeanFactory.java:458)-Finished creating instance of bean '(inner bean)#11'
[12:03:56][DEBUG](AbstractAutowireCapableBeanFactory.java:1498)-Invoking afterPropertiesSet() on bean with name 'org.springframework.web.servlet.mvc.method.annotation.ExceptionHandlerExceptionResolver#0'
[12:03:56][DEBUG](AbstractAutowireCapableBeanFactory.java:458)-Finished creating instance of bean 'org.springframework.web.servlet.mvc.method.annotation.ExceptionHandlerExceptionResolver#0'
[12:03:56][DEBUG](DefaultSingletonBeanRegistry.java:217)-Creating shared instance of singleton bean 'org.springframework.web.servlet.mvc.annotation.ResponseStatusExceptionResolver#0'
[12:03:56][DEBUG](AbstractAutowireCapableBeanFactory.java:430)-Creating instance of bean 'org.springframework.web.servlet.mvc.annotation.ResponseStatusExceptionResolver#0'
[12:03:56][DEBUG](AbstractAutowireCapableBeanFactory.java:504)-Eagerly caching bean 'org.springframework.web.servlet.mvc.annotation.ResponseStatusExceptionResolver#0' to allow for resolving potential circular references
[12:03:56][TRACE](CachedIntrospectionResults.java:222)-Getting BeanInfo for class [org.springframework.web.servlet.mvc.annotation.ResponseStatusExceptionResolver]
[12:03:56][TRACE](CachedIntrospectionResults.java:238)-Caching PropertyDescriptors for class [org.springframework.web.servlet.mvc.annotation.ResponseStatusExceptionResolver]

[12:03:56][TRACE](CachedIntrospectionResults.java:250)-Found bean property 'class' of type [java.lang.Class]
[12:03:56][TRACE](CachedIntrospectionResults.java:250)-Found bean property 'mappedHandlerClasses' of type [[Ljava.lang.Class;]
[12:03:56][TRACE](CachedIntrospectionResults.java:250)-Found bean property 'mappedHandlers' of type [java.util.Set]
[12:03:56][TRACE](CachedIntrospectionResults.java:250)-Found bean property 'order' of type [int]
[12:03:56][TRACE](CachedIntrospectionResults.java:250)-Found bean property 'preventResponseCaching' of type [boolean]
[12:03:56][TRACE](CachedIntrospectionResults.java:250)-Found bean property 'warnLogCategory' of type [java.lang.String]
[12:03:56][DEBUG](AbstractAutowireCapableBeanFactory.java:458)-Finished creating instance of bean 'org.springframework.web.servlet.mvc.annotation.ResponseStatusExceptionResolver#0'
[12:03:56][DEBUG](DefaultSingletonBeanRegistry.java:217)-Creating shared instance of singleton bean 'org.springframework.web.servlet.mvc.support.DefaultHandlerExceptionResolver#0'
[12:03:56][DEBUG](AbstractAutowireCapableBeanFactory.java:430)-Creating instance of bean 'org.springframework.web.servlet.mvc.support.DefaultHandlerExceptionResolver#0'
[12:03:56][DEBUG](AbstractAutowireCapableBeanFactory.java:504)-Eagerly caching bean 'org.springframework.web.servlet.mvc.support.DefaultHandlerExceptionResolver#0' to allow for resolving potential circular references
[12:03:56][TRACE](CachedIntrospectionResults.java:222)-Getting BeanInfo for class [org.springframework.web.servlet.mvc.support.DefaultHandlerExceptionResolver]
[12:03:56][TRACE](CachedIntrospectionResults.java:238)-Caching PropertyDescriptors for class [org.springframework.web.servlet.mvc.support.DefaultHandlerExceptionResolver]

[12:03:56][TRACE](CachedIntrospectionResults.java:250)-Found bean property 'class' of type [java.lang.Class]
[12:03:56][TRACE](CachedIntrospectionResults.java:250)-Found bean property 'mappedHandlerClasses' of type [[Ljava.lang.Class;]
[12:03:56][TRACE](CachedIntrospectionResults.java:250)-Found bean property 'mappedHandlers' of type [java.util.Set]
[12:03:56][TRACE](CachedIntrospectionResults.java:250)-Found bean property 'order' of type [int]
[12:03:56][TRACE](CachedIntrospectionResults.java:250)-Found bean property 'preventResponseCaching' of type [boolean]
[12:03:56][TRACE](CachedIntrospectionResults.java:250)-Found bean property 'warnLogCategory' of type [java.lang.String]
[12:03:56][DEBUG](AbstractAutowireCapableBeanFactory.java:458)-Finished creating instance of bean 'org.springframework.web.servlet.mvc.support.DefaultHandlerExceptionResolver#0'
[12:03:56][DEBUG](DefaultSingletonBeanRegistry.java:217)-Creating shared instance of singleton bean 'org.springframework.web.servlet.handler.BeanNameUrlHandlerMapping'
[12:03:56][DEBUG](AbstractAutowireCapableBeanFactory.java:430)-Creating instance of bean 'org.springframework.web.servlet.handler.BeanNameUrlHandlerMapping'
[12:03:56][DEBUG](AbstractAutowireCapableBeanFactory.java:504)-Eagerly caching bean 'org.springframework.web.servlet.handler.BeanNameUrlHandlerMapping' to allow for resolving potential circular references
[12:03:56][TRACE](CachedIntrospectionResults.java:222)-Getting BeanInfo for class [org.springframework.web.servlet.handler.BeanNameUrlHandlerMapping]
[12:03:56][TRACE](CachedIntrospectionResults.java:238)-Caching PropertyDescriptors for class [org.springframework.web.servlet.handler.BeanNameUrlHandlerMapping]
[12:03:56][TRACE](CachedIntrospectionResults.java:250)-Found bean property 'alwaysUseFullPath' of type [boolean]
[12:03:56][TRACE](CachedIntrospectionResults.java:250)-Found bean property 'applicationContext' of type [org.springframework.context.ApplicationContext]
[12:03:56][TRACE](CachedIntrospectionResults.java:250)-Found bean property 'class' of type [java.lang.Class]
[12:03:56][TRACE](CachedIntrospectionResults.java:250)-Found bean property 'defaultHandler' of type [java.lang.Object]
[12:03:56][TRACE](CachedIntrospectionResults.java:250)-Found bean property 'detectHandlersInAncestorContexts' of type [boolean]
[12:03:56][TRACE](CachedIntrospectionResults.java:250)-Found bean property 'handlerMap' of type [java.util.Map]
[12:03:56][TRACE](CachedIntrospectionResults.java:250)-Found bean property 'interceptors' of type [[Ljava.lang.Object;]
[12:03:56][TRACE](CachedIntrospectionResults.java:250)-Found bean property 'lazyInitHandlers' of type [boolean]
[12:03:56][TRACE](CachedIntrospectionResults.java:250)-Found bean property 'order' of type [int]
[12:03:56][TRACE](CachedIntrospectionResults.java:250)-Found bean property 'pathMatcher' of type [org.springframework.util.PathMatcher]
[12:03:56][TRACE](CachedIntrospectionResults.java:250)-Found bean property 'rootHandler' of type [java.lang.Object]
[12:03:56][TRACE](CachedIntrospectionResults.java:250)-Found bean property 'servletContext' of type [javax.servlet.ServletContext]
[12:03:56][TRACE](CachedIntrospectionResults.java:250)-Found bean property 'urlDecode' of type [boolean]
[12:03:56][TRACE](CachedIntrospectionResults.java:250)-Found bean property 'urlPathHelper' of type [org.springframework.web.util.UrlPathHelper]

[12:03:56][DEBUG](AbstractBeanFactory.java:245)-Returning cached instance of singleton bean 'org.springframework.web.servlet.handler.MappedInterceptor#0'
[12:03:56][DEBUG](AbstractDetectingUrlHandlerMapping.java:71)-Looking for URL mappings in application context: WebApplicationContext for namespace 'appServlet-servlet': startup date [Tue Mar 14 12:03:55 KST 2023]; parent: Root WebApplicationContext
[12:03:56][DEBUG](AbstractDetectingUrlHandlerMapping.java:86)-Rejected bean name 'org.springframework.web.servlet.mvc.method.annotation.RequestMappingHandlerMapping#0': no URL paths identified
[12:03:56][DEBUG](AbstractDetectingUrlHandlerMapping.java:86)-Rejected bean name 'org.springframework.format.support.FormattingConversionServiceFactoryBean#0': no URL paths identified
[12:03:56][DEBUG](AbstractDetectingUrlHandlerMapping.java:86)-Rejected bean name 'org.springframework.web.servlet.mvc.method.annotation.RequestMappingHandlerAdapter#0': no URL paths identified
[12:03:56][DEBUG](AbstractDetectingUrlHandlerMapping.java:86)-Rejected bean name 'org.springframework.web.servlet.handler.MappedInterceptor#0': no URL paths identified
[12:03:56][DEBUG](AbstractDetectingUrlHandlerMapping.java:86)-Rejected bean name 'org.springframework.web.servlet.mvc.method.annotation.ExceptionHandlerExceptionResolver#0': no URL paths identified
[12:03:56][DEBUG](AbstractDetectingUrlHandlerMapping.java:86)-Rejected bean name 'org.springframework.web.servlet.mvc.annotation.ResponseStatusExceptionResolver#0': no URL paths identified
[12:03:56][DEBUG](AbstractDetectingUrlHandlerMapping.java:86)-Rejected bean name 'org.springframework.web.servlet.mvc.support.DefaultHandlerExceptionResolver#0': no URL paths identified
[12:03:56][DEBUG](AbstractDetectingUrlHandlerMapping.java:86)-Rejected bean name 'org.springframework.web.servlet.handler.BeanNameUrlHandlerMapping': no URL paths identified
[12:03:56][DEBUG](AbstractDetectingUrlHandlerMapping.java:86)-Rejected bean name 'org.springframework.web.servlet.mvc.HttpRequestHandlerAdapter': no URL paths identified
[12:03:56][DEBUG](AbstractDetectingUrlHandlerMapping.java:86)-Rejected bean name 'org.springframework.web.servlet.mvc.SimpleControllerHandlerAdapter': no URL paths identified
[12:03:56][DEBUG](AbstractDetectingUrlHandlerMapping.java:86)-Rejected bean name 'org.springframework.web.servlet.resource.ResourceHttpRequestHandler#0': no URL paths identified
[12:03:56][DEBUG](AbstractDetectingUrlHandlerMapping.java:86)-Rejected bean name 'org.springframework.web.servlet.handler.SimpleUrlHandlerMapping#0': no URL paths identified
[12:03:56][DEBUG](AbstractDetectingUrlHandlerMapping.java:86)-Rejected bean name 'org.springframework.web.servlet.view.InternalResourceViewResolver#0': no URL paths identified
[12:03:56][DEBUG](AbstractDetectingUrlHandlerMapping.java:86)-Rejected bean name 'homeController': no URL paths identified
[12:03:56][DEBUG](AbstractDetectingUrlHandlerMapping.java:86)-Rejected bean name 'org.springframework.context.annotation.internalConfigurationAnnotationProcessor': no URL paths identified
[12:03:56][DEBUG](AbstractDetectingUrlHandlerMapping.java:86)-Rejected bean name 'org.springframework.context.annotation.internalAutowiredAnnotationProcessor': no URL paths identified
[12:03:56][DEBUG](AbstractDetectingUrlHandlerMapping.java:86)-Rejected bean name 'org.springframework.context.annotation.internalRequiredAnnotationProcessor': no URL paths identified
[12:03:56][DEBUG](AbstractDetectingUrlHandlerMapping.java:86)-Rejected bean name 'org.springframework.context.annotation.internalCommonAnnotationProcessor': no URL paths identified
[12:03:56][DEBUG](AbstractDetectingUrlHandlerMapping.java:86)-Rejected bean name 'org.springframework.context.annotation.ConfigurationClassPostProcessor$ImportAwareBeanPostProcessor#0': no URL paths identified
[12:03:56][DEBUG](AbstractDetectingUrlHandlerMapping.java:86)-Rejected bean name 'servletConfig': no URL paths identified
[12:03:56][DEBUG](AbstractDetectingUrlHandlerMapping.java:86)-Rejected bean name 'importRegistry': no URL paths identified
[12:03:56][DEBUG](AbstractDetectingUrlHandlerMapping.java:86)-Rejected bean name 'messageSource': no URL paths identified
[12:03:56][DEBUG](AbstractDetectingUrlHandlerMapping.java:86)-Rejected bean name 'applicationEventMulticaster': no URL paths identified
[12:03:56][DEBUG](AbstractAutowireCapableBeanFactory.java:458)-Finished creating instance of bean 'org.springframework.web.servlet.handler.BeanNameUrlHandlerMapping'
[12:03:56][DEBUG](DefaultSingletonBeanRegistry.java:217)-Creating shared instance of singleton bean 'org.springframework.web.servlet.mvc.HttpRequestHandlerAdapter'
[12:03:56][DEBUG](AbstractAutowireCapableBeanFactory.java:430)-Creating instance of bean 'org.springframework.web.servlet.mvc.HttpRequestHandlerAdapter'
[12:03:56][DEBUG](AbstractAutowireCapableBeanFactory.java:504)-Eagerly caching bean 'org.springframework.web.servlet.mvc.HttpRequestHandlerAdapter' to allow for resolving potential circular references
[12:03:56][TRACE](CachedIntrospectionResults.java:222)-Getting BeanInfo for class [org.springframework.web.servlet.mvc.HttpRequestHandlerAdapter]
[12:03:56][TRACE](CachedIntrospectionResults.java:238)-Caching PropertyDescriptors for class [org.springframework.web.servlet.mvc.HttpRequestHandlerAdapter]
[12:03:56][TRACE](CachedIntrospectionResults.java:250)-Found bean property 'class' of type [java.lang.Class]
[12:03:56][DEBUG](AbstractAutowireCapableBeanFactory.java:458)-Finished creating instance of bean 'org.springframework.web.servlet.mvc.HttpRequestHandlerAdapter'
[12:03:56][DEBUG](DefaultSingletonBeanRegistry.java:217)-Creating shared instance of singleton bean 'org.springframework.web.servlet.mvc.SimpleControllerHandlerAdapter'
[12:03:56][DEBUG](AbstractAutowireCapableBeanFactory.java:430)-Creating instance of bean 'org.springframework.web.servlet.mvc.SimpleControllerHandlerAdapter'
[12:03:56][DEBUG](AbstractAutowireCapableBeanFactory.java:504)-Eagerly caching bean 'org.springframework.web.servlet.mvc.SimpleControllerHandlerAdapter' to allow for resolving potential circular references
[12:03:56][TRACE](CachedIntrospectionResults.java:222)-Getting BeanInfo for class [org.springframework.web.servlet.mvc.SimpleControllerHandlerAdapter]
[12:03:56][TRACE](CachedIntrospectionResults.java:238)-Caching PropertyDescriptors for class [org.springframework.web.servlet.mvc.SimpleControllerHandlerAdapter]
[12:03:56][TRACE](CachedIntrospectionResults.java:250)-Found bean property 'class' of type [java.lang.Class]
[12:03:56][DEBUG](AbstractAutowireCapableBeanFactory.java:458)-Finished creating instance of bean 'org.springframework.web.servlet.mvc.SimpleControllerHandlerAdapter'
[12:03:56][DEBUG](DefaultSingletonBeanRegistry.java:217)-Creating shared instance of singleton bean 'org.springframework.web.servlet.resource.ResourceHttpRequestHandler#0'
[12:03:56][DEBUG](AbstractAutowireCapableBeanFactory.java:430)-Creating instance of bean 'org.springframework.web.servlet.resource.ResourceHttpRequestHandler#0'
[12:03:56][DEBUG](AbstractAutowireCapableBeanFactory.java:504)-Eagerly caching bean 'org.springframework.web.servlet.resource.ResourceHttpRequestHandler#0' to allow for resolving potential circular references
[12:03:56][TRACE](CachedIntrospectionResults.java:222)-Getting BeanInfo for class [org.springframework.web.servlet.resource.ResourceHttpRequestHandler]
[12:03:56][TRACE](CachedIntrospectionResults.java:238)-Caching PropertyDescriptors for class [org.springframework.web.servlet.resource.ResourceHttpRequestHandler]
[12:03:56][TRACE](CachedIntrospectionResults.java:250)-Found bean property 'applicationContext' of type [org.springframework.context.ApplicationContext]
[12:03:56][TRACE](CachedIntrospectionResults.java:250)-Found bean property 'cacheSeconds' of type [int]
[12:03:56][TRACE](CachedIntrospectionResults.java:250)-Found bean property 'class' of type [java.lang.Class]
[12:03:56][TRACE](CachedIntrospectionResults.java:250)-Found bean property 'locations' of type [java.util.List]
[12:03:56][TRACE](CachedIntrospectionResults.java:250)-Found bean property 'requireSession' of type [boolean]
[12:03:56][TRACE](CachedIntrospectionResults.java:250)-Found bean property 'servletContext' of type [javax.servlet.ServletContext]
[12:03:56][TRACE](CachedIntrospectionResults.java:250)-Found bean property 'supportedMethods' of type [[Ljava.lang.String;]
[12:03:56][TRACE](CachedIntrospectionResults.java:250)-Found bean property 'useCacheControlHeader' of type [boolean]
[12:03:56][TRACE](CachedIntrospectionResults.java:250)-Found bean property 'useCacheControlNoStore' of type [boolean]
[12:03:56][TRACE](CachedIntrospectionResults.java:250)-Found bean property 'useExpiresHeader' of type [boolean]
[12:03:56][DEBUG](AbstractEnvironment.java:114)-Initializing new StandardEnvironment
[12:03:56][DEBUG](MutablePropertySources.java:103)-Adding [systemProperties] PropertySource with lowest search precedence
[12:03:56][DEBUG](MutablePropertySources.java:103)-Adding [systemEnvironment] PropertySource with lowest search precedence
[12:03:56][DEBUG](AbstractEnvironment.java:120)-Initialized StandardEnvironment with PropertySources [systemProperties,systemEnvironment]
[12:03:56][DEBUG](AbstractEnvironment.java:114)-Initializing new StandardEnvironment
[12:03:56][DEBUG](MutablePropertySources.java:103)-Adding [systemProperties] PropertySource with lowest search precedence
[12:03:56][DEBUG](MutablePropertySources.java:103)-Adding [systemEnvironment] PropertySource with lowest search precedence
[12:03:56][DEBUG](AbstractEnvironment.java:120)-Initialized StandardEnvironment with PropertySources [systemProperties,systemEnvironment]
[12:03:56][DEBUG](AbstractEnvironment.java:114)-Initializing new StandardEnvironment
[12:03:56][DEBUG](MutablePropertySources.java:103)-Adding [systemProperties] PropertySource with lowest search precedence
[12:03:56][DEBUG](MutablePropertySources.java:103)-Adding [systemEnvironment] PropertySource with lowest search precedence
[12:03:56][DEBUG](AbstractEnvironment.java:120)-Initialized StandardEnvironment with PropertySources [systemProperties,systemEnvironment]
[12:03:56][DEBUG](AbstractEnvironment.java:114)-Initializing new StandardEnvironment
[12:03:56][DEBUG](MutablePropertySources.java:103)-Adding [systemProperties] PropertySource with lowest search precedence
[12:03:56][DEBUG](MutablePropertySources.java:103)-Adding [systemEnvironment] PropertySource with lowest search precedence
[12:03:56][DEBUG](AbstractEnvironment.java:120)-Initialized StandardEnvironment with PropertySources [systemProperties,systemEnvironment]
[12:03:56][DEBUG](AbstractEnvironment.java:114)-Initializing new StandardEnvironment
[12:03:56][DEBUG](MutablePropertySources.java:103)-Adding [systemProperties] PropertySource with lowest search precedence
[12:03:56][DEBUG](MutablePropertySources.java:103)-Adding [systemEnvironment] PropertySource with lowest search precedence
[12:03:56][DEBUG](AbstractEnvironment.java:120)-Initialized StandardEnvironment with PropertySources [systemProperties,systemEnvironment]
[12:03:56][TRACE](TypeConverterDelegate.java:395)-Converting String to [interface org.springframework.core.io.Resource] using property editor [org.springframework.core.io.ResourceEditor@6e9a10cd]
[12:03:56][DEBUG](AbstractAutowireCapableBeanFactory.java:458)-Finished creating instance of bean 'org.springframework.web.servlet.resource.ResourceHttpRequestHandler#0'
[12:03:56][DEBUG](DefaultSingletonBeanRegistry.java:217)-Creating shared instance of singleton bean 'org.springframework.web.servlet.handler.SimpleUrlHandlerMapping#0'
[12:03:56][DEBUG](AbstractAutowireCapableBeanFactory.java:430)-Creating instance of bean 'org.springframework.web.servlet.handler.SimpleUrlHandlerMapping#0'
[12:03:56][DEBUG](AbstractAutowireCapableBeanFactory.java:504)-Eagerly caching bean 'org.springframework.web.servlet.handler.SimpleUrlHandlerMapping#0' to allow for resolving potential circular references
[12:03:56][TRACE](CachedIntrospectionResults.java:222)-Getting BeanInfo for class [org.springframework.web.servlet.handler.SimpleUrlHandlerMapping]
[12:03:56][TRACE](CachedIntrospectionResults.java:238)-Caching PropertyDescriptors for class [org.springframework.web.servlet.handler.SimpleUrlHandlerMapping]
[12:03:56][TRACE](CachedIntrospectionResults.java:250)-Found bean property 'alwaysUseFullPath' of type [boolean]
[12:03:56][TRACE](CachedIntrospectionResults.java:250)-Found bean property 'applicationContext' of type [org.springframework.context.ApplicationContext]
[12:03:56][TRACE](CachedIntrospectionResults.java:250)-Found bean property 'class' of type [java.lang.Class]
[12:03:56][TRACE](CachedIntrospectionResults.java:250)-Found bean property 'defaultHandler' of type [java.lang.Object]
[12:03:56][TRACE](CachedIntrospectionResults.java:250)-Found bean property 'handlerMap' of type [java.util.Map]
[12:03:56][TRACE](CachedIntrospectionResults.java:250)-Found bean property 'interceptors' of type [[Ljava.lang.Object;]
[12:03:56][TRACE](CachedIntrospectionResults.java:250)-Found bean property 'lazyInitHandlers' of type [boolean]
[12:03:56][TRACE](CachedIntrospectionResults.java:250)-Found bean property 'mappings' of type [java.util.Properties]
[12:03:56][TRACE](CachedIntrospectionResults.java:250)-Found bean property 'order' of type [int]
[12:03:56][TRACE](CachedIntrospectionResults.java:250)-Found bean property 'pathMatcher' of type [org.springframework.util.PathMatcher]
[12:03:56][TRACE](CachedIntrospectionResults.java:250)-Found bean property 'rootHandler' of type [java.lang.Object]
[12:03:56][TRACE](CachedIntrospectionResults.java:250)-Found bean property 'servletContext' of type [javax.servlet.ServletContext]
[12:03:56][TRACE](CachedIntrospectionResults.java:250)-Found bean property 'urlDecode' of type [boolean]
[12:03:56][TRACE](CachedIntrospectionResults.java:250)-Found bean property 'urlMap' of type [java.util.Map]
[12:03:56][TRACE](CachedIntrospectionResults.java:250)-Found bean property 'urlPathHelper' of type [org.springframework.web.util.UrlPathHelper]
[12:03:56][DEBUG](AbstractBeanFactory.java:245)-Returning cached instance of singleton bean 'org.springframework.web.servlet.handler.MappedInterceptor#0'
[12:03:56][DEBUG](AbstractBeanFactory.java:245)-Returning cached instance of singleton bean 'org.springframework.web.servlet.resource.ResourceHttpRequestHandler#0'
[12:03:56][INFO ](AbstractUrlHandlerMapping.java:314)-Mapped URL path [/resources/**] onto handler 'org.springframework.web.servlet.resource.ResourceHttpRequestHandler#0'
[12:03:56][DEBUG](AbstractAutowireCapableBeanFactory.java:458)-Finished creating instance of bean 'org.springframework.web.servlet.handler.SimpleUrlHandlerMapping#0'
[12:03:56][DEBUG](DefaultSingletonBeanRegistry.java:217)-Creating shared instance of singleton bean 'org.springframework.web.servlet.view.InternalResourceViewResolver#0'
[12:03:56][DEBUG](AbstractAutowireCapableBeanFactory.java:430)-Creating instance of bean 'org.springframework.web.servlet.view.InternalResourceViewResolver#0'
[12:03:56][DEBUG](AbstractAutowireCapableBeanFactory.java:504)-Eagerly caching bean 'org.springframework.web.servlet.view.InternalResourceViewResolver#0' to allow for resolving potential circular references
[12:03:56][TRACE](CachedIntrospectionResults.java:222)-Getting BeanInfo for class [org.springframework.web.servlet.view.InternalResourceViewResolver]
[12:03:56][TRACE](CachedIntrospectionResults.java:238)-Caching PropertyDescriptors for class [org.springframework.web.servlet.view.InternalResourceViewResolver]
[12:03:56][TRACE](CachedIntrospectionResults.java:250)-Found bean property 'alwaysInclude' of type [boolean]
[12:03:56][TRACE](CachedIntrospectionResults.java:250)-Found bean property 'applicationContext' of type [org.springframework.context.ApplicationContext]
[12:03:56][TRACE](CachedIntrospectionResults.java:250)-Found bean property 'attributes' of type [java.util.Properties]
[12:03:56][TRACE](CachedIntrospectionResults.java:250)-Found bean property 'attributesMap' of type [java.util.Map]
[12:03:56][TRACE](CachedIntrospectionResults.java:250)-Found bean property 'cache' of type [boolean]
[12:03:56][TRACE](CachedIntrospectionResults.java:250)-Found bean property 'cacheUnresolved' of type [boolean]
[12:03:56][TRACE](CachedIntrospectionResults.java:250)-Found bean property 'class' of type [java.lang.Class]
[12:03:56][TRACE](CachedIntrospectionResults.java:250)-Found bean property 'contentType' of type [java.lang.String]
[12:03:56][TRACE](CachedIntrospectionResults.java:250)-Found bean property 'exposeContextBeansAsAttributes' of type [boolean]
[12:03:56][TRACE](CachedIntrospectionResults.java:250)-Found bean property 'exposePathVariables' of type [java.lang.Boolean]
[12:03:56][TRACE](CachedIntrospectionResults.java:250)-Found bean property 'exposedContextBeanNames' of type [[Ljava.lang.String;]
[12:03:56][TRACE](CachedIntrospectionResults.java:250)-Found bean property 'order' of type [int]



//prefix  뷰
[12:03:56][TRACE](CachedIntrospectionResults.java:250)-Found bean property 'prefix' of type [java.lang.String]
[12:03:56][TRACE](CachedIntrospectionResults.java:250)-Found bean property 'redirectContextRelative' of type [boolean]
[12:03:56][TRACE](CachedIntrospectionResults.java:250)-Found bean property 'redirectHttp10Compatible' of type [boolean]
[12:03:56][TRACE](CachedIntrospectionResults.java:250)-Found bean property 'requestContextAttribute' of type [java.lang.String]
[12:03:56][TRACE](CachedIntrospectionResults.java:250)-Found bean property 'servletContext' of type [javax.servlet.ServletContext]


//suffix
[12:03:56][TRACE](CachedIntrospectionResults.java:250)-Found bean property 'suffix' of type [java.lang.String]
[12:03:56][TRACE](CachedIntrospectionResults.java:250)-Found bean property 'viewClass' of type [java.lang.Class]
[12:03:56][TRACE](CachedIntrospectionResults.java:250)-Found bean property 'viewNames' of type [[Ljava.lang.String;]
[12:03:56][DEBUG](AbstractAutowireCapableBeanFactory.java:458)-Finished creating instance of bean 'org.springframework.web.servlet.view.InternalResourceViewResolver#0'
[12:03:56][DEBUG](DefaultSingletonBeanRegistry.java:217)-Creating shared instance of singleton bean 'homeController'
[12:03:56][DEBUG](AbstractAutowireCapableBeanFactory.java:430)-Creating instance of bean 'homeController'
[12:03:56][DEBUG](AbstractAutowireCapableBeanFactory.java:504)-Eagerly caching bean 'homeController' to allow for resolving potential circular references
[12:03:56][TRACE](CachedIntrospectionResults.java:222)-Getting BeanInfo for class [com.myspring.pro27.HomeController]
[12:03:56][TRACE](CachedIntrospectionResults.java:238)-Caching PropertyDescriptors for class [com.myspring.pro27.HomeController]
[12:03:56][TRACE](CachedIntrospectionResults.java:250)-Found bean property 'class' of type [java.lang.Class]
[12:03:56][DEBUG](AbstractAutowireCapableBeanFactory.java:458)-Finished creating instance of bean 'homeController'
[12:03:56][DEBUG](AbstractBeanFactory.java:245)-Returning cached instance of singleton bean 'org.springframework.context.annotation.internalConfigurationAnnotationProcessor'
[12:03:56][DEBUG](AbstractBeanFactory.java:245)-Returning cached instance of singleton bean 'org.springframework.context.annotation.internalAutowiredAnnotationProcessor'
[12:03:56][DEBUG](AbstractBeanFactory.java:245)-Returning cached instance of singleton bean 'org.springframework.context.annotation.internalRequiredAnnotationProcessor'
[12:03:56][DEBUG](AbstractBeanFactory.java:245)-Returning cached instance of singleton bean 'org.springframework.context.annotation.internalCommonAnnotationProcessor'
[12:03:56][DEBUG](AbstractBeanFactory.java:245)-Returning cached instance of singleton bean 'org.springframework.context.annotation.ConfigurationClassPostProcessor$ImportAwareBeanPostProcessor#0'
[12:03:56][DEBUG](AbstractApplicationContext.java:845)-Unable to locate LifecycleProcessor with name 'lifecycleProcessor': using default [org.springframework.context.support.DefaultLifecycleProcessor@7548e1fb]
[12:03:56][DEBUG](AbstractBeanFactory.java:245)-Returning cached instance of singleton bean 'lifecycleProcessor'
[12:03:56][TRACE](AbstractApplicationContext.java:322)-Publishing event in WebApplicationContext for namespace 'appServlet-servlet': org.springframework.context.event.ContextRefreshedEvent[source=WebApplicationContext for namespace 'appServlet-servlet': startup date [Tue Mar 14 12:03:55 KST 2023]; parent: Root WebApplicationContext]
[12:03:56][TRACE](DefaultListableBeanFactory.java:527)-No bean named 'multipartResolver' found in org.springframework.beans.factory.support.DefaultListableBeanFactory@7a0ab480: defining beans []; root of factory hierarchy
[12:03:56][DEBUG](DispatcherServlet.java:465)-Unable to locate MultipartResolver with name 'multipartResolver': no multipart request handling provided
[12:03:56][TRACE](DefaultListableBeanFactory.java:527)-No bean named 'localeResolver' found in org.springframework.beans.factory.support.DefaultListableBeanFactory@7a0ab480: defining beans []; root of factory hierarchy
[12:03:56][DEBUG](AbstractAutowireCapableBeanFactory.java:430)-Creating instance of bean 'org.springframework.web.servlet.i18n.AcceptHeaderLocaleResolver'
[12:03:56][TRACE](CachedIntrospectionResults.java:222)-Getting BeanInfo for class [org.springframework.web.servlet.i18n.AcceptHeaderLocaleResolver]
[12:03:56][TRACE](CachedIntrospectionResults.java:238)-Caching PropertyDescriptors for class [org.springframework.web.servlet.i18n.AcceptHeaderLocaleResolver]
[12:03:56][TRACE](CachedIntrospectionResults.java:250)-Found bean property 'class' of type [java.lang.Class]
[12:03:56][DEBUG](AbstractAutowireCapableBeanFactory.java:458)-Finished creating instance of bean 'org.springframework.web.servlet.i18n.AcceptHeaderLocaleResolver'
[12:03:56][DEBUG](DispatcherServlet.java:487)-Unable to locate LocaleResolver with name 'localeResolver': using default [org.springframework.web.servlet.i18n.AcceptHeaderLocaleResolver@5a899811]
[12:03:56][TRACE](DefaultListableBeanFactory.java:527)-No bean named 'themeResolver' found in org.springframework.beans.factory.support.DefaultListableBeanFactory@7a0ab480: defining beans []; root of factory hierarchy
[12:03:56][DEBUG](AbstractAutowireCapableBeanFactory.java:430)-Creating instance of bean 'org.springframework.web.servlet.theme.FixedThemeResolver'
[12:03:56][TRACE](CachedIntrospectionResults.java:222)-Getting BeanInfo for class [org.springframework.web.servlet.theme.FixedThemeResolver]
[12:03:56][TRACE](CachedIntrospectionResults.java:238)-Caching PropertyDescriptors for class [org.springframework.web.servlet.theme.FixedThemeResolver]
[12:03:56][TRACE](CachedIntrospectionResults.java:250)-Found bean property 'class' of type [java.lang.Class]
[12:03:56][TRACE](CachedIntrospectionResults.java:250)-Found bean property 'defaultThemeName' of type [java.lang.String]
[12:03:56][DEBUG](AbstractAutowireCapableBeanFactory.java:458)-Finished creating instance of bean 'org.springframework.web.servlet.theme.FixedThemeResolver'


[12:03:56][DEBUG](DispatcherServlet.java:509)-Unable to locate ThemeResolver with name 'themeResolver': using default [org.springframework.web.servlet.theme.FixedThemeResolver@40f9f60d]
[12:03:56][DEBUG](AbstractBeanFactory.java:245)-Returning cached instance of singleton bean 'org.springframework.web.servlet.mvc.method.annotation.RequestMappingHandlerMapping#0'
[12:03:56][DEBUG](AbstractBeanFactory.java:245)-Returning cached instance of singleton bean 'org.springframework.web.servlet.handler.BeanNameUrlHandlerMapping'
[12:03:56][DEBUG](AbstractBeanFactory.java:245)-Returning cached instance of singleton bean 'org.springframework.web.servlet.handler.SimpleUrlHandlerMapping#0'
[12:03:56][DEBUG](AbstractBeanFactory.java:245)-Returning cached instance of singleton bean 'org.springframework.web.servlet.mvc.method.annotation.RequestMappingHandlerAdapter#0'
[12:03:56][DEBUG](AbstractBeanFactory.java:245)-Returning cached instance of singleton bean 'org.springframework.web.servlet.mvc.HttpRequestHandlerAdapter'
[12:03:56][DEBUG](AbstractBeanFactory.java:245)-Returning cached instance of singleton bean 'org.springframework.web.servlet.mvc.SimpleControllerHandlerAdapter'
[12:03:56][DEBUG](AbstractBeanFactory.java:245)-Returning cached instance of singleton bean 'org.springframework.web.servlet.mvc.method.annotation.ExceptionHandlerExceptionResolver#0'
[12:03:56][DEBUG](AbstractBeanFactory.java:245)-Returning cached instance of singleton bean 'org.springframework.web.servlet.mvc.annotation.ResponseStatusExceptionResolver#0'
[12:03:56][DEBUG](AbstractBeanFactory.java:245)-Returning cached instance of singleton bean 'org.springframework.web.servlet.mvc.support.DefaultHandlerExceptionResolver#0'
[12:03:56][TRACE](DefaultListableBeanFactory.java:527)-No bean named 'viewNameTranslator' found in org.springframework.beans.factory.support.DefaultListableBeanFactory@7a0ab480: defining beans []; root of factory hierarchy

//뷰 home.jsp 확인

[12:03:56][DEBUG](AbstractAutowireCapableBeanFactory.java:430)-Creating instance of bean 'org.springframework.web.servlet.view.DefaultRequestToViewNameTranslator'
[12:03:56][TRACE](CachedIntrospectionResults.java:222)-Getting BeanInfo for class [org.springframework.web.servlet.view.DefaultRequestToViewNameTranslator]
[12:03:56][TRACE](CachedIntrospectionResults.java:238)-Caching PropertyDescriptors for class [org.springframework.web.servlet.view.DefaultRequestToViewNameTranslator]
[12:03:56][TRACE](CachedIntrospectionResults.java:250)-Found bean property 'alwaysUseFullPath' of type [boolean]
[12:03:56][TRACE](CachedIntrospectionResults.java:250)-Found bean property 'class' of type [java.lang.Class]
[12:03:56][TRACE](CachedIntrospectionResults.java:250)-Found bean property 'prefix' of type [java.lang.String]
[12:03:56][TRACE](CachedIntrospectionResults.java:250)-Found bean property 'separator' of type [java.lang.String]
[12:03:56][TRACE](CachedIntrospectionResults.java:250)-Found bean property 'stripExtension' of type [boolean]
[12:03:56][TRACE](CachedIntrospectionResults.java:250)-Found bean property 'stripLeadingSlash' of type [boolean]
[12:03:56][TRACE](CachedIntrospectionResults.java:250)-Found bean property 'stripTrailingSlash' of type [boolean]
[12:03:56][TRACE](CachedIntrospectionResults.java:250)-Found bean property 'suffix' of type [java.lang.String]
[12:03:56][TRACE](CachedIntrospectionResults.java:250)-Found bean property 'urlDecode' of type [boolean]
[12:03:56][TRACE](CachedIntrospectionResults.java:250)-Found bean property 'urlPathHelper' of type [org.springframework.web.util.UrlPathHelper]
[12:03:56][DEBUG](AbstractAutowireCapableBeanFactory.java:458)-Finished creating instance of bean 'org.springframework.web.servlet.view.DefaultRequestToViewNameTranslator'
[12:03:56][DEBUG](DispatcherServlet.java:647)-Unable to locate RequestToViewNameTranslator with name 'viewNameTranslator': using default [org.springframework.web.servlet.view.DefaultRequestToViewNameTranslator@316d30ad]
[12:03:56][DEBUG](AbstractBeanFactory.java:245)-Returning cached instance of singleton bean 'org.springframework.web.servlet.view.InternalResourceViewResolver#0'
[12:03:56][TRACE](DefaultListableBeanFactory.java:527)-No bean named 'flashMapManager' found in org.springframework.beans.factory.support.DefaultListableBeanFactory@7a0ab480: defining beans []; root of factory hierarchy
[12:03:56][DEBUG](AbstractAutowireCapableBeanFactory.java:430)-Creating instance of bean 'org.springframework.web.servlet.support.SessionFlashMapManager'
[12:03:56][TRACE](CachedIntrospectionResults.java:222)-Getting BeanInfo for class [org.springframework.web.servlet.support.SessionFlashMapManager]
[12:03:56][TRACE](CachedIntrospectionResults.java:238)-Caching PropertyDescriptors for class [org.springframework.web.servlet.support.SessionFlashMapManager]
[12:03:56][TRACE](CachedIntrospectionResults.java:250)-Found bean property 'class' of type [java.lang.Class]
[12:03:56][TRACE](CachedIntrospectionResults.java:250)-Found bean property 'flashMapTimeout' of type [int]
[12:03:56][TRACE](CachedIntrospectionResults.java:250)-Found bean property 'urlPathHelper' of type [org.springframework.web.util.UrlPathHelper]
[12:03:56][DEBUG](AbstractAutowireCapableBeanFactory.java:458)-Finished creating instance of bean 'org.springframework.web.servlet.support.SessionFlashMapManager'
[12:03:56][DEBUG](DispatcherServlet.java:709)-Unable to locate FlashMapManager with name 'flashMapManager': using default [org.springframework.web.servlet.support.SessionFlashMapManager@3cd46491]
[12:03:56][TRACE](AbstractApplicationContext.java:322)-Publishing event in Root WebApplicationContext: org.springframework.context.event.ContextRefreshedEvent[source=WebApplicationContext for namespace 'appServlet-servlet': startup date [Tue Mar 14 12:03:55 KST 2023]; parent: Root WebApplicationContext]
[12:03:56][DEBUG](FrameworkServlet.java:523)-Published WebApplicationContext of servlet 'appServlet' as ServletContext attribute with name [org.springframework.web.servlet.FrameworkServlet.CONTEXT.appServlet]
[12:03:56][INFO ](FrameworkServlet.java:463)-FrameworkServlet 'appServlet': initialization completed in 1577 ms
[12:03:56][DEBUG](HttpServletBean.java:136)-Servlet 'appServlet' configured successfully
